{
  "stats": {
    "suites": 1,
    "tests": 9,
    "passes": 9,
    "pending": 0,
    "failures": 0,
    "start": "2022-03-06T06:13:54.523Z",
    "end": "2022-03-06T06:15:01.355Z",
    "duration": 66832,
    "testsRegistered": 9,
    "passPercent": 100,
    "pendingPercent": 0,
    "other": 0,
    "hasOther": false,
    "skipped": 0,
    "hasSkipped": false
  },
  "results": [
    {
      "uuid": "fa0fd93c-0750-4195-8725-82360c0eb78e",
      "title": "",
      "fullFile": "cypress\\integration\\Buggytests\\register.spec.js",
      "file": "cypress\\integration\\Buggytests\\register.spec.js",
      "beforeHooks": [],
      "afterHooks": [],
      "tests": [],
      "suites": [
        {
          "uuid": "5047b017-9ccb-476b-b09e-aa5a4da1248f",
          "title": "Register script for buggycarr",
          "fullFile": "",
          "file": "",
          "beforeHooks": [],
          "afterHooks": [],
          "tests": [
            {
              "title": "Register form with invalid password length",
              "fullTitle": "Register script for buggycarr Register form with invalid password length",
              "timedOut": null,
              "duration": 7669,
              "state": "passed",
              "speed": "slow",
              "pass": true,
              "fail": false,
              "pending": false,
              "context": null,
              "code": "cy.contains('a', 'Register').click();\ncy.get('input[name=username]').type('test');\ncy.get('input[name=firstName]').type('test');\ncy.get('input[name=lastName]').type('test');\ncy.get('[for=password]').type('test');\ncy.get('[for=confirmPassword]').type('test');\ncy.contains('button', 'Register').click(); //validation check for password length\ncy.contains(\"InvalidParameter: 1 validation error(s) found.\").should('be.visible');\ncy.contains(\"- minimum field size of 6, SignUpInput.Password.\").should('be.visible');",
              "err": {},
              "uuid": "afe7cc3d-0590-4a50-82e6-6fdcef92abef",
              "parentUUID": "5047b017-9ccb-476b-b09e-aa5a4da1248f",
              "isHook": false,
              "skipped": false
            },
            {
              "title": "Register form with invalid password do not match",
              "fullTitle": "Register script for buggycarr Register form with invalid password do not match",
              "timedOut": null,
              "duration": 8880,
              "state": "passed",
              "speed": "slow",
              "pass": true,
              "fail": false,
              "pending": false,
              "context": null,
              "code": "cy.contains('a', 'Register').click();\ncy.get('input[name=username]').type('test');\ncy.get('input[name=firstName]').type('test');\ncy.get('input[name=lastName]').type('test');\ncy.get('[for=password]').type('test');\ncy.get('[for=confirmPassword]').type('test@1'); //validation check for password do not match\ncy.contains(\"Passwords do not match\").should('be.visible');",
              "err": {},
              "uuid": "bb4459ba-2ed8-4af5-b3e9-138323a99dbe",
              "parentUUID": "5047b017-9ccb-476b-b09e-aa5a4da1248f",
              "isHook": false,
              "skipped": false
            },
            {
              "title": "register form with invalid password not long enough",
              "fullTitle": "Register script for buggycarr register form with invalid password not long enough",
              "timedOut": null,
              "duration": 5371,
              "state": "passed",
              "speed": "slow",
              "pass": true,
              "fail": false,
              "pending": false,
              "context": null,
              "code": "cy.contains('a', 'Register').click();\ncy.get('input[name=username]').type('test');\ncy.get('input[name=firstName]').type('test');\ncy.get('input[name=lastName]').type('test');\ncy.get('[for=password]').type('tes@12');\ncy.get('[for=confirmPassword]').type('tes@12');\ncy.contains('button', 'Register').click(); //validation check for password policy length\ncy.contains(\"InvalidPasswordException: Password did not conform with policy: Password not long enough\").should('be.visible');",
              "err": {},
              "uuid": "f1389e6b-b75e-41f0-a194-ac7ba80e2693",
              "parentUUID": "5047b017-9ccb-476b-b09e-aa5a4da1248f",
              "isHook": false,
              "skipped": false
            },
            {
              "title": "register form with invalid password uppercase",
              "fullTitle": "Register script for buggycarr register form with invalid password uppercase",
              "timedOut": null,
              "duration": 6196,
              "state": "passed",
              "speed": "slow",
              "pass": true,
              "fail": false,
              "pending": false,
              "context": null,
              "code": "cy.contains('a', 'Register').click();\ncy.get('input[name=username]').type('test');\ncy.get('input[name=firstName]').type('test');\ncy.get('input[name=lastName]').type('test');\ncy.get('[for=password]').type('test!123');\ncy.get('[for=confirmPassword]').type('test!123');\ncy.contains('button', 'Register').click(); //validation check for password policy uppercase\ncy.contains(\"InvalidPasswordException: Password did not conform with policy: Password must have uppercase characters\").should('be.visible');",
              "err": {},
              "uuid": "99d8271e-19ff-4608-b2bd-4a7639c7d836",
              "parentUUID": "5047b017-9ccb-476b-b09e-aa5a4da1248f",
              "isHook": false,
              "skipped": false
            },
            {
              "title": "register form with invalid password special symbol",
              "fullTitle": "Register script for buggycarr register form with invalid password special symbol",
              "timedOut": null,
              "duration": 5205,
              "state": "passed",
              "speed": "slow",
              "pass": true,
              "fail": false,
              "pending": false,
              "context": null,
              "code": "cy.contains('a', 'Register').click();\ncy.get('input[name=username]').type('test');\ncy.get('input[name=firstName]').type('test');\ncy.get('input[name=lastName]').type('est');\ncy.get('[for=password]').type('Test1234');\ncy.get('[for=confirmPassword]').type('Test1234');\ncy.contains('button', 'Register').click(); //validation check for password special symbols\ncy.contains(\"InvalidPasswordException: Password did not conform with policy: Password must have symbol characters\").should('be.visible');",
              "err": {},
              "uuid": "2b65033c-dc8c-4455-999f-59ca777e373a",
              "parentUUID": "5047b017-9ccb-476b-b09e-aa5a4da1248f",
              "isHook": false,
              "skipped": false
            },
            {
              "title": "register form with invalid password lowercase",
              "fullTitle": "Register script for buggycarr register form with invalid password lowercase",
              "timedOut": null,
              "duration": 5846,
              "state": "passed",
              "speed": "slow",
              "pass": true,
              "fail": false,
              "pending": false,
              "context": null,
              "code": "cy.contains('a', 'Register').click();\ncy.get('input[name=username]').type('test');\ncy.get('input[name=firstName]').type('test');\ncy.get('input[name=lastName]').type('test');\ncy.get('[for=password]').type('TESTS!23');\ncy.get('[for=confirmPassword]').type('TESTS!23');\ncy.contains('button', 'Register').click(); //validation check for password lowercase\ncy.contains(\"InvalidPasswordException: Password did not conform with policy: Password must have lowercase characters\").should('be.visible');",
              "err": {},
              "uuid": "5756789d-0e56-4089-ba86-51fad9d2e0f2",
              "parentUUID": "5047b017-9ccb-476b-b09e-aa5a4da1248f",
              "isHook": false,
              "skipped": false
            },
            {
              "title": "register form mandatory fields",
              "fullTitle": "Register script for buggycarr register form mandatory fields",
              "timedOut": null,
              "duration": 7310,
              "state": "passed",
              "speed": "slow",
              "pass": true,
              "fail": false,
              "pending": false,
              "context": null,
              "code": "cy.contains('a', 'Register').click();\ncy.get('input[name=username]').type('test').clear();\ncy.contains('Login is required').should('be.visible');\ncy.get('input[name=firstName]').type('test').clear();\ncy.contains('First Name is required').should('be.visible');\ncy.get('input[name=lastName]').type('test').clear();\ncy.contains('First Name is required').should('be.visible');\ncy.get('#password').type('wer').clear();\ncy.contains('Password is required').should('be.visible');\ncy.get('#confirmPassword').type('wer').clear();\ncy.contains('Passwords do not match').should('be.visible');",
              "err": {},
              "uuid": "004f0400-81ea-45f3-88ff-ea0e91b5eb76",
              "parentUUID": "5047b017-9ccb-476b-b09e-aa5a4da1248f",
              "isHook": false,
              "skipped": false
            },
            {
              "title": "register form with invalid password user already exist",
              "fullTitle": "Register script for buggycarr register form with invalid password user already exist",
              "timedOut": null,
              "duration": 6126,
              "state": "passed",
              "speed": "slow",
              "pass": true,
              "fail": false,
              "pending": false,
              "context": null,
              "code": "cy.contains('a', 'Register').click();\ncy.get('input[name=username]').type('t');\ncy.get('input[name=firstName]').type('test');\ncy.get('input[name=lastName]').type('test');\ncy.get('[for=password]').type('T@12estt');\ncy.get('[for=confirmPassword]').type('T@12estt');\ncy.contains('button', 'Register').click();\ncy.contains('UsernameExistsException: User already exists').should('be.visible');",
              "err": {},
              "uuid": "6223f9c0-8053-4837-b957-1eb211111208",
              "parentUUID": "5047b017-9ccb-476b-b09e-aa5a4da1248f",
              "isHook": false,
              "skipped": false
            },
            {
              "title": "register form with valid password parameter",
              "fullTitle": "Register script for buggycarr register form with valid password parameter",
              "timedOut": null,
              "duration": 8001,
              "state": "passed",
              "speed": "slow",
              "pass": true,
              "fail": false,
              "pending": false,
              "context": null,
              "code": "var _this = this;\ncy.contains('a', 'Register').click();\ncy.generateRandomString(10).then(function (username) {\n  cy.get(_this.data.selector.inputUsername).type(username);\n});\ncy.generateRandomString(10).then(function (firstname) {\n  cy.get(_this.data.selector.inputFirstname).type(firstname);\n});\ncy.generateRandomString(10).then(function (lastname) {\n  cy.get(_this.data.selector.inputLastname).type(lastname);\n});\ncy.get(this.data.selector.inputPassword).type(this.data.register.password);\ncy.get(this.data.selector.inputConfirmpassword).type(this.data.register.password);\ncy.contains('button', 'Register').click();\ncy.contains('Registration is successful').should('be.visible');\ncy.contains('a', 'Cancel').click();\ncy.contains('a', 'Buggy Rating').should('be.visible');",
              "err": {},
              "uuid": "db58aca7-56d5-4d9f-97b1-a9e9d30219b2",
              "parentUUID": "5047b017-9ccb-476b-b09e-aa5a4da1248f",
              "isHook": false,
              "skipped": false
            }
          ],
          "suites": [],
          "passes": [
            "afe7cc3d-0590-4a50-82e6-6fdcef92abef",
            "bb4459ba-2ed8-4af5-b3e9-138323a99dbe",
            "f1389e6b-b75e-41f0-a194-ac7ba80e2693",
            "99d8271e-19ff-4608-b2bd-4a7639c7d836",
            "2b65033c-dc8c-4455-999f-59ca777e373a",
            "5756789d-0e56-4089-ba86-51fad9d2e0f2",
            "004f0400-81ea-45f3-88ff-ea0e91b5eb76",
            "6223f9c0-8053-4837-b957-1eb211111208",
            "db58aca7-56d5-4d9f-97b1-a9e9d30219b2"
          ],
          "failures": [],
          "pending": [],
          "skipped": [],
          "duration": 60604,
          "root": false,
          "rootEmpty": false,
          "_timeout": 2000
        }
      ],
      "passes": [],
      "failures": [],
      "pending": [],
      "skipped": [],
      "duration": 0,
      "root": true,
      "rootEmpty": true,
      "_timeout": 2000
    }
  ],
  "meta": {
    "mocha": {
      "version": "7.0.1"
    },
    "mochawesome": {
      "options": {
        "quiet": false,
        "reportFilename": "report",
        "saveHtml": true,
        "saveJson": true,
        "consoleReporter": "spec",
        "useInlineDiffs": false,
        "code": true
      },
      "version": "6.2.2"
    },
    "marge": {
      "options": {
        "reportDir": "cypress/reports",
        "reportFilename": "report",
        "overwrite": false,
        "html": true,
        "json": true,
        "charts": true
      },
      "version": "5.2.0"
    }
  }
}