{
  "stats": {
    "suites": 1,
    "tests": 9,
    "passes": 9,
    "pending": 0,
    "failures": 0,
    "start": "2022-03-06T06:35:26.693Z",
    "end": "2022-03-06T06:35:48.223Z",
    "duration": 21530,
    "testsRegistered": 9,
    "passPercent": 100,
    "pendingPercent": 0,
    "other": 0,
    "hasOther": false,
    "skipped": 0,
    "hasSkipped": false
  },
  "results": [
    {
      "uuid": "c8793a71-8c8b-47a2-895b-642c209aa8a6",
      "title": "",
      "fullFile": "cypress\\integration\\Buggytests\\register.spec.js",
      "file": "cypress\\integration\\Buggytests\\register.spec.js",
      "beforeHooks": [],
      "afterHooks": [],
      "tests": [],
      "suites": [
        {
          "uuid": "300b4443-2816-478d-b98e-b62d8e410a1f",
          "title": "Register script for buggycarr",
          "fullFile": "",
          "file": "",
          "beforeHooks": [],
          "afterHooks": [],
          "tests": [
            {
              "title": "Register form with invalid password length",
              "fullTitle": "Register script for buggycarr Register form with invalid password length",
              "timedOut": null,
              "duration": 2575,
              "state": "passed",
              "speed": "slow",
              "pass": true,
              "fail": false,
              "pending": false,
              "context": null,
              "code": "cy.contains('a', 'Register').click();\ncy.get('input[name=username]').type('test');\ncy.get('input[name=firstName]').type('test');\ncy.get('input[name=lastName]').type('test');\ncy.get('[for=password]').type('test');\ncy.get('[for=confirmPassword]').type('test');\ncy.contains('button', 'Register').click(); //validation check for password length\ncy.contains(\"InvalidParameter: 1 validation error(s) found.\").should('be.visible');\ncy.contains(\"- minimum field size of 6, SignUpInput.Password.\").should('be.visible');",
              "err": {},
              "uuid": "54e15037-5308-4e5b-8e5a-1663945efa86",
              "parentUUID": "300b4443-2816-478d-b98e-b62d8e410a1f",
              "isHook": false,
              "skipped": false
            },
            {
              "title": "Register form with invalid password do not match",
              "fullTitle": "Register script for buggycarr Register form with invalid password do not match",
              "timedOut": null,
              "duration": 1715,
              "state": "passed",
              "speed": "slow",
              "pass": true,
              "fail": false,
              "pending": false,
              "context": null,
              "code": "cy.contains('a', 'Register').click();\ncy.get('input[name=username]').type('test');\ncy.get('input[name=firstName]').type('test');\ncy.get('input[name=lastName]').type('test');\ncy.get('[for=password]').type('test');\ncy.get('[for=confirmPassword]').type('test@1'); //validation check for password do not match\ncy.contains(\"Passwords do not match\").should('be.visible');",
              "err": {},
              "uuid": "d82bc4e1-b872-47a7-85f9-301c56714a2f",
              "parentUUID": "300b4443-2816-478d-b98e-b62d8e410a1f",
              "isHook": false,
              "skipped": false
            },
            {
              "title": "register form with invalid password not long enough",
              "fullTitle": "Register script for buggycarr register form with invalid password not long enough",
              "timedOut": null,
              "duration": 2112,
              "state": "passed",
              "speed": "slow",
              "pass": true,
              "fail": false,
              "pending": false,
              "context": null,
              "code": "cy.contains('a', 'Register').click();\ncy.get('input[name=username]').type('test');\ncy.get('input[name=firstName]').type('test');\ncy.get('input[name=lastName]').type('test');\ncy.get('[for=password]').type('tes@12');\ncy.get('[for=confirmPassword]').type('tes@12');\ncy.contains('button', 'Register').click(); //validation check for password policy length\ncy.contains(\"InvalidPasswordException: Password did not conform with policy: Password not long enough\").should('be.visible');",
              "err": {},
              "uuid": "28d34c32-54a3-40b8-a944-6cf855feff7d",
              "parentUUID": "300b4443-2816-478d-b98e-b62d8e410a1f",
              "isHook": false,
              "skipped": false
            },
            {
              "title": "register form with invalid password uppercase",
              "fullTitle": "Register script for buggycarr register form with invalid password uppercase",
              "timedOut": null,
              "duration": 2239,
              "state": "passed",
              "speed": "slow",
              "pass": true,
              "fail": false,
              "pending": false,
              "context": null,
              "code": "cy.contains('a', 'Register').click();\ncy.get('input[name=username]').type('test');\ncy.get('input[name=firstName]').type('test');\ncy.get('input[name=lastName]').type('test');\ncy.get('[for=password]').type('test!123');\ncy.get('[for=confirmPassword]').type('test!123');\ncy.contains('button', 'Register').click(); //validation check for password policy uppercase\ncy.contains(\"InvalidPasswordException: Password did not conform with policy: Password must have uppercase characters\").should('be.visible');",
              "err": {},
              "uuid": "78168419-62a8-46a0-8985-08e93a2e4c90",
              "parentUUID": "300b4443-2816-478d-b98e-b62d8e410a1f",
              "isHook": false,
              "skipped": false
            },
            {
              "title": "register form with invalid password special symbol",
              "fullTitle": "Register script for buggycarr register form with invalid password special symbol",
              "timedOut": null,
              "duration": 2090,
              "state": "passed",
              "speed": "slow",
              "pass": true,
              "fail": false,
              "pending": false,
              "context": null,
              "code": "cy.contains('a', 'Register').click();\ncy.get('input[name=username]').type('test');\ncy.get('input[name=firstName]').type('test');\ncy.get('input[name=lastName]').type('est');\ncy.get('[for=password]').type('Test1234');\ncy.get('[for=confirmPassword]').type('Test1234');\ncy.contains('button', 'Register').click(); //validation check for password special symbols\ncy.contains(\"InvalidPasswordException: Password did not conform with policy: Password must have symbol characters\").should('be.visible');",
              "err": {},
              "uuid": "9107582b-28c0-409b-bf98-350a042bd708",
              "parentUUID": "300b4443-2816-478d-b98e-b62d8e410a1f",
              "isHook": false,
              "skipped": false
            },
            {
              "title": "register form with invalid password lowercase",
              "fullTitle": "Register script for buggycarr register form with invalid password lowercase",
              "timedOut": null,
              "duration": 2073,
              "state": "passed",
              "speed": "slow",
              "pass": true,
              "fail": false,
              "pending": false,
              "context": null,
              "code": "cy.contains('a', 'Register').click();\ncy.get('input[name=username]').type('test');\ncy.get('input[name=firstName]').type('test');\ncy.get('input[name=lastName]').type('test');\ncy.get('[for=password]').type('TESTS!23');\ncy.get('[for=confirmPassword]').type('TESTS!23');\ncy.contains('button', 'Register').click(); //validation check for password lowercase\ncy.contains(\"InvalidPasswordException: Password did not conform with policy: Password must have lowercase characters\").should('be.visible');",
              "err": {},
              "uuid": "571b7067-64b0-46b1-b653-ed6c30a20cb5",
              "parentUUID": "300b4443-2816-478d-b98e-b62d8e410a1f",
              "isHook": false,
              "skipped": false
            },
            {
              "title": "register form mandatory fields",
              "fullTitle": "Register script for buggycarr register form mandatory fields",
              "timedOut": null,
              "duration": 2293,
              "state": "passed",
              "speed": "slow",
              "pass": true,
              "fail": false,
              "pending": false,
              "context": null,
              "code": "cy.contains('a', 'Register').click();\ncy.get('input[name=username]').type('test').clear();\ncy.contains('Login is required').should('be.visible');\ncy.get('input[name=firstName]').type('test').clear();\ncy.contains('First Name is required').should('be.visible');\ncy.get('input[name=lastName]').type('test').clear();\ncy.contains('First Name is required').should('be.visible');\ncy.get('#password').type('wer').clear();\ncy.contains('Password is required').should('be.visible');\ncy.get('#confirmPassword').type('wer').clear();\ncy.contains('Passwords do not match').should('be.visible');",
              "err": {},
              "uuid": "555b9b73-11cf-4eea-b51c-96958c18c52a",
              "parentUUID": "300b4443-2816-478d-b98e-b62d8e410a1f",
              "isHook": false,
              "skipped": false
            },
            {
              "title": "register form with invalid password user already exist",
              "fullTitle": "Register script for buggycarr register form with invalid password user already exist",
              "timedOut": null,
              "duration": 2068,
              "state": "passed",
              "speed": "slow",
              "pass": true,
              "fail": false,
              "pending": false,
              "context": null,
              "code": "cy.contains('a', 'Register').click();\ncy.get('input[name=username]').type('t');\ncy.get('input[name=firstName]').type('test');\ncy.get('input[name=lastName]').type('test');\ncy.get('[for=password]').type('T@12estt');\ncy.get('[for=confirmPassword]').type('T@12estt');\ncy.contains('button', 'Register').click();\ncy.contains('UsernameExistsException: User already exists').should('be.visible');",
              "err": {},
              "uuid": "d4a0f889-1cbf-44bb-88df-2220598a7931",
              "parentUUID": "300b4443-2816-478d-b98e-b62d8e410a1f",
              "isHook": false,
              "skipped": false
            },
            {
              "title": "register form with valid password parameter",
              "fullTitle": "Register script for buggycarr register form with valid password parameter",
              "timedOut": null,
              "duration": 2504,
              "state": "passed",
              "speed": "slow",
              "pass": true,
              "fail": false,
              "pending": false,
              "context": null,
              "code": "var _this = this;\ncy.contains('a', 'Register').click();\ncy.generateRandomString(10).then(function (username) {\n  cy.get(_this.input.selector.inputUsername).type(username);\n});\ncy.generateRandomString(10).then(function (firstname) {\n  cy.get(_this.input.selector.inputFirstname).type(firstname);\n});\ncy.generateRandomString(10).then(function (lastname) {\n  cy.get(_this.input.selector.inputLastname).type(lastname);\n});\ncy.get(this.input.selector.inputPassword).type(this.input.register.password);\ncy.get(this.input.selector.inputConfirmpassword).type(this.input.register.password);\ncy.contains('button', 'Register').click();\ncy.contains('Registration is successful').should('be.visible');\ncy.contains('a', 'Cancel').click();\ncy.contains('a', 'Buggy Rating').should('be.visible');",
              "err": {},
              "uuid": "9cfd7b4e-c2f4-42f3-86fe-3fad6230c7fa",
              "parentUUID": "300b4443-2816-478d-b98e-b62d8e410a1f",
              "isHook": false,
              "skipped": false
            }
          ],
          "suites": [],
          "passes": [
            "54e15037-5308-4e5b-8e5a-1663945efa86",
            "d82bc4e1-b872-47a7-85f9-301c56714a2f",
            "28d34c32-54a3-40b8-a944-6cf855feff7d",
            "78168419-62a8-46a0-8985-08e93a2e4c90",
            "9107582b-28c0-409b-bf98-350a042bd708",
            "571b7067-64b0-46b1-b653-ed6c30a20cb5",
            "555b9b73-11cf-4eea-b51c-96958c18c52a",
            "d4a0f889-1cbf-44bb-88df-2220598a7931",
            "9cfd7b4e-c2f4-42f3-86fe-3fad6230c7fa"
          ],
          "failures": [],
          "pending": [],
          "skipped": [],
          "duration": 19669,
          "root": false,
          "rootEmpty": false,
          "_timeout": 2000
        }
      ],
      "passes": [],
      "failures": [],
      "pending": [],
      "skipped": [],
      "duration": 0,
      "root": true,
      "rootEmpty": true,
      "_timeout": 2000
    }
  ],
  "meta": {
    "mocha": {
      "version": "7.0.1"
    },
    "mochawesome": {
      "options": {
        "quiet": false,
        "reportFilename": "report",
        "saveHtml": true,
        "saveJson": true,
        "consoleReporter": "spec",
        "useInlineDiffs": false,
        "code": true
      },
      "version": "6.2.2"
    },
    "marge": {
      "options": {
        "reportDir": "cypress/reports",
        "reportFilename": "report",
        "overwrite": false,
        "html": true,
        "json": true,
        "charts": true
      },
      "version": "5.2.0"
    }
  }
}