{
  "stats": {
    "suites": 1,
    "tests": 9,
    "passes": 9,
    "pending": 0,
    "failures": 0,
    "start": "2021-03-12T00:43:54.968Z",
    "end": "2021-03-12T00:44:19.854Z",
    "duration": 24886,
    "testsRegistered": 9,
    "passPercent": 100,
    "pendingPercent": 0,
    "other": 0,
    "hasOther": false,
    "skipped": 0,
    "hasSkipped": false
  },
  "results": [
    {
      "uuid": "cd745623-1c9e-43d8-9666-b3dcae45becb",
      "title": "",
      "fullFile": "cypress\\integration\\Buggytests\\register.spec.js",
      "file": "cypress\\integration\\Buggytests\\register.spec.js",
      "beforeHooks": [],
      "afterHooks": [],
      "tests": [],
      "suites": [
        {
          "uuid": "865000ec-1af6-467a-8e78-9cd304a8326a",
          "title": "Register script for buggycarr",
          "fullFile": "",
          "file": "",
          "beforeHooks": [],
          "afterHooks": [],
          "tests": [
            {
              "title": "register form with invalid password length",
              "fullTitle": "Register script for buggycarr register form with invalid password length",
              "timedOut": null,
              "duration": 3342,
              "state": "passed",
              "speed": "slow",
              "pass": true,
              "fail": false,
              "pending": false,
              "context": null,
              "code": "cy.contains('a', 'Register').click();\ncy.get('input[name=username]').type('test');\ncy.get('input[name=firstName]').type('test');\ncy.get('input[name=lastName]').type('test');\ncy.get('[for=password]').type('test');\ncy.get('[for=confirmPassword]').type('test');\ncy.contains('button', 'Register').click(); //validation check for password length\ncy.contains(\"InvalidParameter: 1 validation error(s) found.\").should('be.visible');\ncy.contains(\"- minimum field size of 6, SignUpInput.Password.\").should('be.visible');",
              "err": {},
              "uuid": "b72c91b2-0152-4ba5-a65a-6ddce4195bef",
              "parentUUID": "865000ec-1af6-467a-8e78-9cd304a8326a",
              "isHook": false,
              "skipped": false
            },
            {
              "title": "register form with invalid password do not match",
              "fullTitle": "Register script for buggycarr register form with invalid password do not match",
              "timedOut": null,
              "duration": 1880,
              "state": "passed",
              "speed": "slow",
              "pass": true,
              "fail": false,
              "pending": false,
              "context": null,
              "code": "cy.contains('a', 'Register').click();\ncy.get('input[name=username]').type('test');\ncy.get('input[name=firstName]').type('test');\ncy.get('input[name=lastName]').type('test');\ncy.get('[for=password]').type('test');\ncy.get('[for=confirmPassword]').type('test@1'); //cy.contains('button', 'Register').click()\n//validation check for password do not match\ncy.contains(\"Passwords do not match\").should('be.visible');",
              "err": {},
              "uuid": "ae98de2d-d7c0-4069-ac6a-4cf5e2d79a2b",
              "parentUUID": "865000ec-1af6-467a-8e78-9cd304a8326a",
              "isHook": false,
              "skipped": false
            },
            {
              "title": "register form with invalid password not long enough",
              "fullTitle": "Register script for buggycarr register form with invalid password not long enough",
              "timedOut": null,
              "duration": 1887,
              "state": "passed",
              "speed": "slow",
              "pass": true,
              "fail": false,
              "pending": false,
              "context": null,
              "code": "cy.contains('a', 'Register').click();\ncy.get('input[name=username]').type('test');\ncy.get('input[name=firstName]').type('test');\ncy.get('input[name=lastName]').type('test');\ncy.get('[for=password]').type('tes@12');\ncy.get('[for=confirmPassword]').type('tes@12');\ncy.contains('button', 'Register').click(); //validation check for password policy length\ncy.contains(\"InvalidPasswordException: Password did not conform with policy: Password not long enough\").should('be.visible');",
              "err": {},
              "uuid": "7d25e3e6-7a2d-45fa-bda3-f0c71b11408e",
              "parentUUID": "865000ec-1af6-467a-8e78-9cd304a8326a",
              "isHook": false,
              "skipped": false
            },
            {
              "title": "register form with invalid password uppercase",
              "fullTitle": "Register script for buggycarr register form with invalid password uppercase",
              "timedOut": null,
              "duration": 2041,
              "state": "passed",
              "speed": "slow",
              "pass": true,
              "fail": false,
              "pending": false,
              "context": null,
              "code": "cy.contains('a', 'Register').click();\ncy.get('input[name=username]').type('test');\ncy.get('input[name=firstName]').type('test');\ncy.get('input[name=lastName]').type('test');\ncy.get('[for=password]').type('test!123');\ncy.get('[for=confirmPassword]').type('test!123');\ncy.contains('button', 'Register').click(); //validation check for password policy uppercase\ncy.contains(\"InvalidPasswordException: Password did not conform with policy: Password must have uppercase characters\").should('be.visible'); //cy.contains(\"- minimum field size of 6, SignUpInput.Password.\").should('be.visible')",
              "err": {},
              "uuid": "c910df80-1637-4626-bc2f-cf97db2547d1",
              "parentUUID": "865000ec-1af6-467a-8e78-9cd304a8326a",
              "isHook": false,
              "skipped": false
            },
            {
              "title": "register form with invalid password special symbol",
              "fullTitle": "Register script for buggycarr register form with invalid password special symbol",
              "timedOut": null,
              "duration": 1922,
              "state": "passed",
              "speed": "slow",
              "pass": true,
              "fail": false,
              "pending": false,
              "context": null,
              "code": "cy.contains('a', 'Register').click();\ncy.get('input[name=username]').type('test');\ncy.get('input[name=firstName]').type('test');\ncy.get('input[name=lastName]').type('est');\ncy.get('[for=password]').type('Test1234');\ncy.get('[for=confirmPassword]').type('Test1234');\ncy.contains('button', 'Register').click(); //validation check for password special symbols\ncy.contains(\"InvalidPasswordException: Password did not conform with policy: Password must have symbol characters\").should('be.visible'); //cy.contains(\"- minimum field size of 6, SignUpInput.Password.\").should('be.visible')",
              "err": {},
              "uuid": "cbea0964-1527-4186-bf97-2bd88fbe78b8",
              "parentUUID": "865000ec-1af6-467a-8e78-9cd304a8326a",
              "isHook": false,
              "skipped": false
            },
            {
              "title": "register form with invalid password lowercase",
              "fullTitle": "Register script for buggycarr register form with invalid password lowercase",
              "timedOut": null,
              "duration": 1983,
              "state": "passed",
              "speed": "slow",
              "pass": true,
              "fail": false,
              "pending": false,
              "context": null,
              "code": "cy.contains('a', 'Register').click();\ncy.get('input[name=username]').type('test');\ncy.get('input[name=firstName]').type('test');\ncy.get('input[name=lastName]').type('test');\ncy.get('[for=password]').type('TESTS!23');\ncy.get('[for=confirmPassword]').type('TESTS!23');\ncy.contains('button', 'Register').click(); //validation check for password lowercase\ncy.contains(\"InvalidPasswordException: Password did not conform with policy: Password must have lowercase characters\").should('be.visible'); //cy.contains(\"- minimum field size of 6, SignUpInput.Password.\").should('be.visible')",
              "err": {},
              "uuid": "a3feab17-b73c-462f-9fb0-c948ade8f2aa",
              "parentUUID": "865000ec-1af6-467a-8e78-9cd304a8326a",
              "isHook": false,
              "skipped": false
            },
            {
              "title": "register form mandatory fields",
              "fullTitle": "Register script for buggycarr register form mandatory fields",
              "timedOut": null,
              "duration": 2000,
              "state": "passed",
              "speed": "slow",
              "pass": true,
              "fail": false,
              "pending": false,
              "context": null,
              "code": "cy.contains('a', 'Register').click();\ncy.get('input[name=username]').type('test').clear();\ncy.contains('Login is required').should('be.visible');\ncy.get('input[name=firstName]').type('test').clear();\ncy.contains('First Name is required').should('be.visible');\ncy.get('input[name=lastName]').type('test').clear();\ncy.contains('First Name is required').should('be.visible');\ncy.get('#password').type('wer').clear();\ncy.contains('Password is required').should('be.visible');\ncy.get('#confirmPassword').type('wer').clear();\ncy.contains('Passwords do not match').should('be.visible'); //cy.contains('button', 'Register').click()\n//validation check for password lowercase\n//cy.contains(\"InvalidPasswordException: Password did not conform with policy: Password must have lowercase characters\").should('be.visible')\n//cy.contains(\"- minimum field size of 6, SignUpInput.Password.\").should('be.visible')",
              "err": {},
              "uuid": "5fc6f686-74bd-4089-91cd-9a65e290a8b4",
              "parentUUID": "865000ec-1af6-467a-8e78-9cd304a8326a",
              "isHook": false,
              "skipped": false
            },
            {
              "title": "register form with invalid password user already exist",
              "fullTitle": "Register script for buggycarr register form with invalid password user already exist",
              "timedOut": null,
              "duration": 1885,
              "state": "passed",
              "speed": "slow",
              "pass": true,
              "fail": false,
              "pending": false,
              "context": null,
              "code": "cy.contains('a', 'Register').click();\ncy.get('input[name=username]').type('t');\ncy.get('input[name=firstName]').type('test');\ncy.get('input[name=lastName]').type('test');\ncy.get('[for=password]').type('T@12estt');\ncy.get('[for=confirmPassword]').type('T@12estt'); // cy.intercept({\n//     method: 'POST',\n//     url: 'https://k51qryqov3.execute-api.ap-southeast-2.amazonaws.com/prod/users',\n//   }).as('users')\ncy.contains('button', 'Register').click(); //cy.wait('@users')\n//   .its('response')\n//   .should('deep.include', {\n//     statusCode: 400\n//   })\ncy.contains('UsernameExistsException: User already exists').should('be.visible');",
              "err": {},
              "uuid": "079d17d1-95ad-49a7-b1e6-60e4671db9fb",
              "parentUUID": "865000ec-1af6-467a-8e78-9cd304a8326a",
              "isHook": false,
              "skipped": false
            },
            {
              "title": "register form with valid password parameter",
              "fullTitle": "Register script for buggycarr register form with valid password parameter",
              "timedOut": null,
              "duration": 2278,
              "state": "passed",
              "speed": "slow",
              "pass": true,
              "fail": false,
              "pending": false,
              "context": null,
              "code": "cy.contains('a', 'Register').click();\ncy.get(this.data.selector.inputUsername).type(generateRandomString());\ncy.get(this.data.selector.inputFirstname).type(generateRandomString());\ncy.get(this.data.selector.inputLastname).type(generateRandomString());\ncy.get(this.data.selector.inputPassword).type(this.data.register.password);\ncy.get(this.data.selector.inputConfirmpassword).type(this.data.register.password);\ncy.contains('button', 'Register').click();\ncy.contains('Registration is successful').should('be.visible');",
              "err": {},
              "uuid": "a92b2680-00a8-427b-a2d3-8f1cdab06e9a",
              "parentUUID": "865000ec-1af6-467a-8e78-9cd304a8326a",
              "isHook": false,
              "skipped": false
            }
          ],
          "suites": [],
          "passes": [
            "b72c91b2-0152-4ba5-a65a-6ddce4195bef",
            "ae98de2d-d7c0-4069-ac6a-4cf5e2d79a2b",
            "7d25e3e6-7a2d-45fa-bda3-f0c71b11408e",
            "c910df80-1637-4626-bc2f-cf97db2547d1",
            "cbea0964-1527-4186-bf97-2bd88fbe78b8",
            "a3feab17-b73c-462f-9fb0-c948ade8f2aa",
            "5fc6f686-74bd-4089-91cd-9a65e290a8b4",
            "079d17d1-95ad-49a7-b1e6-60e4671db9fb",
            "a92b2680-00a8-427b-a2d3-8f1cdab06e9a"
          ],
          "failures": [],
          "pending": [],
          "skipped": [],
          "duration": 19218,
          "root": false,
          "rootEmpty": false,
          "_timeout": 2000
        }
      ],
      "passes": [],
      "failures": [],
      "pending": [],
      "skipped": [],
      "duration": 0,
      "root": true,
      "rootEmpty": true,
      "_timeout": 2000
    }
  ],
  "meta": {
    "mocha": {
      "version": "7.0.1"
    },
    "mochawesome": {
      "options": {
        "quiet": false,
        "reportFilename": "report",
        "saveHtml": true,
        "saveJson": true,
        "consoleReporter": "spec",
        "useInlineDiffs": false,
        "code": true
      },
      "version": "6.2.2"
    },
    "marge": {
      "options": {
        "reportDir": "cypress/reports",
        "reportFilename": "report",
        "overwrite": false,
        "html": true,
        "json": true,
        "charts": true
      },
      "version": "5.2.0"
    }
  }
}