{
  "stats": {
    "suites": 1,
    "tests": 9,
    "passes": 8,
    "pending": 0,
    "failures": 1,
    "start": "2022-03-06T02:03:13.366Z",
    "end": "2022-03-06T02:03:48.355Z",
    "duration": 34989,
    "testsRegistered": 9,
    "passPercent": 88.88888888888889,
    "pendingPercent": 0,
    "other": 0,
    "hasOther": false,
    "skipped": 0,
    "hasSkipped": false
  },
  "results": [
    {
      "uuid": "183e0ec5-c3d5-432c-abb3-11c8e29ee477",
      "title": "",
      "fullFile": "cypress\\integration\\Buggytests\\register.spec.js",
      "file": "cypress\\integration\\Buggytests\\register.spec.js",
      "beforeHooks": [],
      "afterHooks": [],
      "tests": [],
      "suites": [
        {
          "uuid": "7cfa02b0-509b-4935-869a-44582bba0938",
          "title": "Register script for buggycarr",
          "fullFile": "",
          "file": "",
          "beforeHooks": [],
          "afterHooks": [],
          "tests": [
            {
              "title": "Register form with invalid password length",
              "fullTitle": "Register script for buggycarr Register form with invalid password length",
              "timedOut": null,
              "duration": 2759,
              "state": "passed",
              "speed": "slow",
              "pass": true,
              "fail": false,
              "pending": false,
              "context": null,
              "code": "cy.contains('a', 'Register').click();\ncy.get('input[name=username]').type('test');\ncy.get('input[name=firstName]').type('test');\ncy.get('input[name=lastName]').type('test');\ncy.get('[for=password]').type('test');\ncy.get('[for=confirmPassword]').type('test');\ncy.contains('button', 'Register').click(); //validation check for password length\ncy.contains(\"InvalidParameter: 1 validation error(s) found.\").should('be.visible');\ncy.contains(\"- minimum field size of 6, SignUpInput.Password.\").should('be.visible');",
              "err": {},
              "uuid": "b9f760a2-b089-4484-9001-f102e5c9ca88",
              "parentUUID": "7cfa02b0-509b-4935-869a-44582bba0938",
              "isHook": false,
              "skipped": false
            },
            {
              "title": "Register form with invalid password do not match",
              "fullTitle": "Register script for buggycarr Register form with invalid password do not match",
              "timedOut": null,
              "duration": 2083,
              "state": "passed",
              "speed": "slow",
              "pass": true,
              "fail": false,
              "pending": false,
              "context": null,
              "code": "cy.contains('a', 'Register').click();\ncy.get('input[name=username]').type('test');\ncy.get('input[name=firstName]').type('test');\ncy.get('input[name=lastName]').type('test');\ncy.get('[for=password]').type('test');\ncy.get('[for=confirmPassword]').type('test@1'); //validation check for password do not match\ncy.contains(\"Passwords do not match\").should('be.visible');",
              "err": {},
              "uuid": "b97848d0-f3cf-465e-b4ce-ebb445308ee0",
              "parentUUID": "7cfa02b0-509b-4935-869a-44582bba0938",
              "isHook": false,
              "skipped": false
            },
            {
              "title": "register form with invalid password not long enough",
              "fullTitle": "Register script for buggycarr register form with invalid password not long enough",
              "timedOut": null,
              "duration": 2204,
              "state": "passed",
              "speed": "slow",
              "pass": true,
              "fail": false,
              "pending": false,
              "context": null,
              "code": "cy.contains('a', 'Register').click();\ncy.get('input[name=username]').type('test');\ncy.get('input[name=firstName]').type('test');\ncy.get('input[name=lastName]').type('test');\ncy.get('[for=password]').type('tes@12');\ncy.get('[for=confirmPassword]').type('tes@12');\ncy.contains('button', 'Register').click(); //validation check for password policy length\ncy.contains(\"InvalidPasswordException: Password did not conform with policy: Password not long enough\").should('be.visible');",
              "err": {},
              "uuid": "50e49056-8595-4d53-8e3f-e6f6b86ba14c",
              "parentUUID": "7cfa02b0-509b-4935-869a-44582bba0938",
              "isHook": false,
              "skipped": false
            },
            {
              "title": "register form with invalid password uppercase",
              "fullTitle": "Register script for buggycarr register form with invalid password uppercase",
              "timedOut": null,
              "duration": 2740,
              "state": "passed",
              "speed": "slow",
              "pass": true,
              "fail": false,
              "pending": false,
              "context": null,
              "code": "cy.contains('a', 'Register').click();\ncy.get('input[name=username]').type('test');\ncy.get('input[name=firstName]').type('test');\ncy.get('input[name=lastName]').type('test');\ncy.get('[for=password]').type('test!123');\ncy.get('[for=confirmPassword]').type('test!123');\ncy.contains('button', 'Register').click(); //validation check for password policy uppercase\ncy.contains(\"InvalidPasswordException: Password did not conform with policy: Password must have uppercase characters\").should('be.visible');",
              "err": {},
              "uuid": "e16c1538-11c5-44e0-9f5e-ee8d05bbdef1",
              "parentUUID": "7cfa02b0-509b-4935-869a-44582bba0938",
              "isHook": false,
              "skipped": false
            },
            {
              "title": "register form with invalid password special symbol",
              "fullTitle": "Register script for buggycarr register form with invalid password special symbol",
              "timedOut": null,
              "duration": 2409,
              "state": "passed",
              "speed": "slow",
              "pass": true,
              "fail": false,
              "pending": false,
              "context": null,
              "code": "cy.contains('a', 'Register').click();\ncy.get('input[name=username]').type('test');\ncy.get('input[name=firstName]').type('test');\ncy.get('input[name=lastName]').type('est');\ncy.get('[for=password]').type('Test1234');\ncy.get('[for=confirmPassword]').type('Test1234');\ncy.contains('button', 'Register').click(); //validation check for password special symbols\ncy.contains(\"InvalidPasswordException: Password did not conform with policy: Password must have symbol characters\").should('be.visible');",
              "err": {},
              "uuid": "e3be026e-1a25-46ee-8c23-fbb4523ff387",
              "parentUUID": "7cfa02b0-509b-4935-869a-44582bba0938",
              "isHook": false,
              "skipped": false
            },
            {
              "title": "register form with invalid password lowercase",
              "fullTitle": "Register script for buggycarr register form with invalid password lowercase",
              "timedOut": null,
              "duration": 2134,
              "state": "passed",
              "speed": "slow",
              "pass": true,
              "fail": false,
              "pending": false,
              "context": null,
              "code": "cy.contains('a', 'Register').click();\ncy.get('input[name=username]').type('test');\ncy.get('input[name=firstName]').type('test');\ncy.get('input[name=lastName]').type('test');\ncy.get('[for=password]').type('TESTS!23');\ncy.get('[for=confirmPassword]').type('TESTS!23');\ncy.contains('button', 'Register').click(); //validation check for password lowercase\ncy.contains(\"InvalidPasswordException: Password did not conform with policy: Password must have lowercase characters\").should('be.visible');",
              "err": {},
              "uuid": "f7992907-cd17-4ab0-9026-31d98510b5d0",
              "parentUUID": "7cfa02b0-509b-4935-869a-44582bba0938",
              "isHook": false,
              "skipped": false
            },
            {
              "title": "register form mandatory fields",
              "fullTitle": "Register script for buggycarr register form mandatory fields",
              "timedOut": null,
              "duration": 2469,
              "state": "passed",
              "speed": "slow",
              "pass": true,
              "fail": false,
              "pending": false,
              "context": null,
              "code": "cy.contains('a', 'Register').click();\ncy.get('input[name=username]').type('test').clear();\ncy.contains('Login is required').should('be.visible');\ncy.get('input[name=firstName]').type('test').clear();\ncy.contains('First Name is required').should('be.visible');\ncy.get('input[name=lastName]').type('test').clear();\ncy.contains('First Name is required').should('be.visible');\ncy.get('#password').type('wer').clear();\ncy.contains('Password is required').should('be.visible');\ncy.get('#confirmPassword').type('wer').clear();\ncy.contains('Passwords do not match').should('be.visible');",
              "err": {},
              "uuid": "b32fcccc-4598-4df8-aaea-e1c93bda75af",
              "parentUUID": "7cfa02b0-509b-4935-869a-44582bba0938",
              "isHook": false,
              "skipped": false
            },
            {
              "title": "register form with invalid password user already exist",
              "fullTitle": "Register script for buggycarr register form with invalid password user already exist",
              "timedOut": null,
              "duration": 12497,
              "state": "failed",
              "speed": null,
              "pass": false,
              "fail": true,
              "pending": false,
              "context": null,
              "code": "cy.contains('a', 'Register').click();\ncy.get('input[name=username]').type('t');\ncy.get('input[name=firstName]').type('test');\ncy.get('input[name=lastName]').type('test');\ncy.get('[for=password]').type('T@12estt');\ncy.get('[for=confirmPassword]').type('T@12estt');\ncy.contains('button', 'Register').click();\ncy.contains('UsernameExistsException: User already exists').should('be.visible');",
              "err": {
                "message": "AssertionError: Timed out retrying after 10000ms: Expected to find content: 'UsernameExistsException: User already exists' but never did.",
                "estack": "AssertionError: Timed out retrying after 10000ms: Expected to find content: 'UsernameExistsException: User already exists' but never did.\n    at Context.eval (https://buggy.justtestit.org/__cypress/tests?p=cypress\\integration\\Buggytests\\register.spec.js:191:65)",
                "diff": null
              },
              "uuid": "7fcb360b-fbbf-4087-9d99-495692ad5ad8",
              "parentUUID": "7cfa02b0-509b-4935-869a-44582bba0938",
              "isHook": false,
              "skipped": false
            },
            {
              "title": "register form with valid password parameter",
              "fullTitle": "Register script for buggycarr register form with valid password parameter",
              "timedOut": null,
              "duration": 3086,
              "state": "passed",
              "speed": "slow",
              "pass": true,
              "fail": false,
              "pending": false,
              "context": null,
              "code": "var _this = this;\ncy.contains('a', 'Register').click();\ncy.generateRandomString(10).then(function (username) {\n  cy.get(_this.data.selector.inputUsername).type(username);\n});\ncy.generateRandomString(10).then(function (firstname) {\n  cy.get(_this.data.selector.inputFirstname).type(firstname);\n});\ncy.generateRandomString(10).then(function (lastname) {\n  cy.get(_this.data.selector.inputLastname).type(lastname);\n});\ncy.get(this.data.selector.inputPassword).type(this.data.register.password);\ncy.get(this.data.selector.inputConfirmpassword).type(this.data.register.password);\ncy.contains('button', 'Register').click();\ncy.contains('Registration is successful').should('be.visible');\ncy.contains('a', 'Cancel').click();\ncy.contains('a', 'Buggy Rating').should('be.visible');",
              "err": {},
              "uuid": "36070adf-af04-45d6-a0de-323ceb932edd",
              "parentUUID": "7cfa02b0-509b-4935-869a-44582bba0938",
              "isHook": false,
              "skipped": false
            }
          ],
          "suites": [],
          "passes": [
            "b9f760a2-b089-4484-9001-f102e5c9ca88",
            "b97848d0-f3cf-465e-b4ce-ebb445308ee0",
            "50e49056-8595-4d53-8e3f-e6f6b86ba14c",
            "e16c1538-11c5-44e0-9f5e-ee8d05bbdef1",
            "e3be026e-1a25-46ee-8c23-fbb4523ff387",
            "f7992907-cd17-4ab0-9026-31d98510b5d0",
            "b32fcccc-4598-4df8-aaea-e1c93bda75af",
            "36070adf-af04-45d6-a0de-323ceb932edd"
          ],
          "failures": [
            "7fcb360b-fbbf-4087-9d99-495692ad5ad8"
          ],
          "pending": [],
          "skipped": [],
          "duration": 32381,
          "root": false,
          "rootEmpty": false,
          "_timeout": 2000
        }
      ],
      "passes": [],
      "failures": [],
      "pending": [],
      "skipped": [],
      "duration": 0,
      "root": true,
      "rootEmpty": true,
      "_timeout": 2000
    }
  ],
  "meta": {
    "mocha": {
      "version": "7.0.1"
    },
    "mochawesome": {
      "options": {
        "quiet": false,
        "reportFilename": "report",
        "saveHtml": true,
        "saveJson": true,
        "consoleReporter": "spec",
        "useInlineDiffs": false,
        "code": true
      },
      "version": "6.2.2"
    },
    "marge": {
      "options": {
        "reportDir": "cypress/reports",
        "reportFilename": "report",
        "overwrite": false,
        "html": true,
        "json": true,
        "charts": true
      },
      "version": "5.2.0"
    }
  }
}