{
  "stats": {
    "suites": 1,
    "tests": 2,
    "passes": 2,
    "pending": 0,
    "failures": 0,
    "start": "2022-03-06T08:05:20.099Z",
    "end": "2022-03-06T08:05:28.838Z",
    "duration": 8739,
    "testsRegistered": 2,
    "passPercent": 100,
    "pendingPercent": 0,
    "other": 0,
    "hasOther": false,
    "skipped": 0,
    "hasSkipped": false
  },
  "results": [
    {
      "uuid": "0e7753f7-dc0a-49b6-bde7-e656e4221448",
      "title": "",
      "fullFile": "cypress\\integration\\Buggytests\\login.spec.js",
      "file": "cypress\\integration\\Buggytests\\login.spec.js",
      "beforeHooks": [],
      "afterHooks": [],
      "tests": [],
      "suites": [
        {
          "uuid": "fecf939b-ae3d-4535-8eab-c6d5243ba06f",
          "title": "Login script for buggycarr",
          "fullFile": "",
          "file": "",
          "beforeHooks": [],
          "afterHooks": [],
          "tests": [
            {
              "title": "valid user login ",
              "fullTitle": "Login script for buggycarr valid user login ",
              "timedOut": null,
              "duration": 3532,
              "state": "passed",
              "speed": "slow",
              "pass": true,
              "fail": false,
              "pending": false,
              "context": null,
              "code": "cy.get(this.input.selector.inputLogin).type(this.input.register.username);\ncy.get(this.input.selector.inputPswd).type(this.input.register.password);\ncy.contains('button', 'Login').click();\ncy.contains('li', 'Hi', +this.input.register.firstname).should('be.visible');\ncy.contains('a', 'Logout').click();",
              "err": {},
              "uuid": "283e0ed7-6a11-4d1a-9ab5-ffa8d087ed7b",
              "parentUUID": "fecf939b-ae3d-4535-8eab-c6d5243ba06f",
              "isHook": false,
              "skipped": false
            },
            {
              "title": "invalid user should display an error ",
              "fullTitle": "Login script for buggycarr invalid user should display an error ",
              "timedOut": null,
              "duration": 1925,
              "state": "passed",
              "speed": "slow",
              "pass": true,
              "fail": false,
              "pending": false,
              "context": null,
              "code": "var _this = this;\ncy.generateRandomString(10).then(function (user) {\n  cy.get(_this.input.selector.inputLogin).type(user);\n});\ncy.generateRandomString(10).then(function (psd) {\n  cy.get(_this.input.selector.inputPswd).type(psd);\n});\ncy.contains('button', 'Login').click();\ncy.contains('Invalid username/password').should('be.visible');",
              "err": {},
              "uuid": "ba13cd51-3a5a-4818-84f1-8b4717ac51ce",
              "parentUUID": "fecf939b-ae3d-4535-8eab-c6d5243ba06f",
              "isHook": false,
              "skipped": false
            }
          ],
          "suites": [],
          "passes": [
            "283e0ed7-6a11-4d1a-9ab5-ffa8d087ed7b",
            "ba13cd51-3a5a-4818-84f1-8b4717ac51ce"
          ],
          "failures": [],
          "pending": [],
          "skipped": [],
          "duration": 5457,
          "root": false,
          "rootEmpty": false,
          "_timeout": 2000
        }
      ],
      "passes": [],
      "failures": [],
      "pending": [],
      "skipped": [],
      "duration": 0,
      "root": true,
      "rootEmpty": true,
      "_timeout": 2000
    }
  ],
  "meta": {
    "mocha": {
      "version": "7.0.1"
    },
    "mochawesome": {
      "options": {
        "quiet": false,
        "reportFilename": "report",
        "saveHtml": true,
        "saveJson": true,
        "consoleReporter": "spec",
        "useInlineDiffs": false,
        "code": true
      },
      "version": "6.2.2"
    },
    "marge": {
      "options": {
        "reportDir": "cypress/reports",
        "reportFilename": "report",
        "overwrite": false,
        "html": true,
        "json": true,
        "charts": true
      },
      "version": "5.2.0"
    }
  }
}