{
  "stats": {
    "suites": 1,
    "tests": 5,
    "passes": 5,
    "pending": 0,
    "failures": 0,
    "start": "2022-03-06T08:05:57.086Z",
    "end": "2022-03-06T08:06:11.415Z",
    "duration": 14329,
    "testsRegistered": 5,
    "passPercent": 100,
    "pendingPercent": 0,
    "other": 0,
    "hasOther": false,
    "skipped": 0,
    "hasSkipped": false
  },
  "results": [
    {
      "uuid": "4ae96d5e-1146-4a8e-8a5c-266cd0f19fc4",
      "title": "",
      "fullFile": "cypress\\integration\\Buggytests\\register.spec.js",
      "file": "cypress\\integration\\Buggytests\\register.spec.js",
      "beforeHooks": [],
      "afterHooks": [],
      "tests": [],
      "suites": [
        {
          "uuid": "8d25aefd-4690-4b81-865c-cd9d1d0bddc9",
          "title": "Register script for buggycarr",
          "fullFile": "",
          "file": "",
          "beforeHooks": [],
          "afterHooks": [],
          "tests": [
            {
              "title": "Register username password length",
              "fullTitle": "Register script for buggycarr Register username password length",
              "timedOut": null,
              "duration": 2747,
              "state": "passed",
              "speed": "slow",
              "pass": true,
              "fail": false,
              "pending": false,
              "context": null,
              "code": "cy.contains('a', 'Register').click();\ncy.get('input[name=username]').type('test');\ncy.get('input[name=firstName]').type('test');\ncy.get('input[name=lastName]').type('test');\ncy.get('[for=password]').type('test');\ncy.get('[for=confirmPassword]').type('test');\ncy.contains('button', 'Register').click(); //validation check for password length\ncy.get('.result').should('include.text', \"InvalidParameter: 1 validation error(s) found.\");",
              "err": {},
              "uuid": "90fe9818-dc44-4620-8004-4b7f2fab09a6",
              "parentUUID": "8d25aefd-4690-4b81-865c-cd9d1d0bddc9",
              "isHook": false,
              "skipped": false
            },
            {
              "title": "check password confirm password match ",
              "fullTitle": "Register script for buggycarr check password confirm password match ",
              "timedOut": null,
              "duration": 1894,
              "state": "passed",
              "speed": "slow",
              "pass": true,
              "fail": false,
              "pending": false,
              "context": null,
              "code": "cy.contains('a', 'Register').click();\ncy.get('input[name=username]').type('test');\ncy.get('input[name=firstName]').type('test');\ncy.get('input[name=lastName]').type('test');\ncy.get('[for=password]').type('test');\ncy.get('[for=confirmPassword]').type('test@1'); //validation check for password do not match\ncy.contains(\"Passwords do not match\").should('be.visible');",
              "err": {},
              "uuid": "e40637fd-a2ac-40b1-be7b-60831692b3b0",
              "parentUUID": "8d25aefd-4690-4b81-865c-cd9d1d0bddc9",
              "isHook": false,
              "skipped": false
            },
            {
              "title": "register form with invalid password not long enough",
              "fullTitle": "Register script for buggycarr register form with invalid password not long enough",
              "timedOut": null,
              "duration": 2052,
              "state": "passed",
              "speed": "slow",
              "pass": true,
              "fail": false,
              "pending": false,
              "context": null,
              "code": "cy.contains('a', 'Register').click();\ncy.get('input[name=username]').type('test');\ncy.get('input[name=firstName]').type('test');\ncy.get('input[name=lastName]').type('test');\ncy.get('[for=password]').type('tes@12');\ncy.get('[for=confirmPassword]').type('tes@12');\ncy.contains('button', 'Register').click(); //validation check for password policy length\ncy.contains(\"InvalidPasswordException: Password did not conform with policy: Password not long enough\").should('be.visible');",
              "err": {},
              "uuid": "135e929d-c176-44b1-8e72-7ce99baeb9a5",
              "parentUUID": "8d25aefd-4690-4b81-865c-cd9d1d0bddc9",
              "isHook": false,
              "skipped": false
            },
            {
              "title": "all valid fields for registration",
              "fullTitle": "Register script for buggycarr all valid fields for registration",
              "timedOut": null,
              "duration": 2585,
              "state": "passed",
              "speed": "slow",
              "pass": true,
              "fail": false,
              "pending": false,
              "context": null,
              "code": "cy.contains('a', 'Register').click();\ncy.get('input[name=username]').type('test').clear();\ncy.contains('Login is required').should('be.visible');\ncy.get('input[name=firstName]').type('test').clear();\ncy.contains('First Name is required').should('be.visible');\ncy.get('input[name=lastName]').type('test').clear();\ncy.contains('First Name is required').should('be.visible');\ncy.get('#password').type('wer').clear();\ncy.contains('Password is required').should('be.visible');\ncy.get('#confirmPassword').type('wer').clear();\ncy.contains('Passwords do not match').should('be.visible');",
              "err": {},
              "uuid": "b420447a-91ec-4295-8354-e23b3f2632b4",
              "parentUUID": "8d25aefd-4690-4b81-865c-cd9d1d0bddc9",
              "isHook": false,
              "skipped": false
            },
            {
              "title": "user is registered with valid password",
              "fullTitle": "Register script for buggycarr user is registered with valid password",
              "timedOut": null,
              "duration": 2835,
              "state": "passed",
              "speed": "slow",
              "pass": true,
              "fail": false,
              "pending": false,
              "context": null,
              "code": "var _this = this;\ncy.contains('a', 'Register').click();\ncy.generateRandomString(10).then(function (username) {\n  cy.get(_this.input.selector.inputUsername).type(username);\n});\ncy.generateRandomString(10).then(function (firstname) {\n  cy.get(_this.input.selector.inputFirstname).type(firstname);\n});\ncy.generateRandomString(10).then(function (lastname) {\n  cy.get(_this.input.selector.inputLastname).type(lastname);\n});\ncy.get(this.input.selector.inputPassword).type(this.input.register.password);\ncy.get(this.input.selector.inputConfirmpassword).type(this.input.register.password);\ncy.contains('button', 'Register').click();\ncy.contains('Registration is successful').should('be.visible');\ncy.contains('a', 'Cancel').click();\ncy.contains('a', 'Buggy Rating').should('be.visible');",
              "err": {},
              "uuid": "5159a359-c86f-4ed0-82b6-56e079809bad",
              "parentUUID": "8d25aefd-4690-4b81-865c-cd9d1d0bddc9",
              "isHook": false,
              "skipped": false
            }
          ],
          "suites": [],
          "passes": [
            "90fe9818-dc44-4620-8004-4b7f2fab09a6",
            "e40637fd-a2ac-40b1-be7b-60831692b3b0",
            "135e929d-c176-44b1-8e72-7ce99baeb9a5",
            "b420447a-91ec-4295-8354-e23b3f2632b4",
            "5159a359-c86f-4ed0-82b6-56e079809bad"
          ],
          "failures": [],
          "pending": [],
          "skipped": [],
          "duration": 12113,
          "root": false,
          "rootEmpty": false,
          "_timeout": 2000
        }
      ],
      "passes": [],
      "failures": [],
      "pending": [],
      "skipped": [],
      "duration": 0,
      "root": true,
      "rootEmpty": true,
      "_timeout": 2000
    }
  ],
  "meta": {
    "mocha": {
      "version": "7.0.1"
    },
    "mochawesome": {
      "options": {
        "quiet": false,
        "reportFilename": "report",
        "saveHtml": true,
        "saveJson": true,
        "consoleReporter": "spec",
        "useInlineDiffs": false,
        "code": true
      },
      "version": "6.2.2"
    },
    "marge": {
      "options": {
        "reportDir": "cypress/reports",
        "reportFilename": "report",
        "overwrite": false,
        "html": true,
        "json": true,
        "charts": true
      },
      "version": "5.2.0"
    }
  }
}