{
  "stats": {
    "suites": 1,
    "tests": 3,
    "passes": 2,
    "pending": 0,
    "failures": 1,
    "start": "2022-03-06T08:05:31.298Z",
    "end": "2022-03-06T08:05:54.654Z",
    "duration": 23356,
    "testsRegistered": 3,
    "passPercent": 66.66666666666666,
    "pendingPercent": 0,
    "other": 0,
    "hasOther": false,
    "skipped": 0,
    "hasSkipped": false
  },
  "results": [
    {
      "uuid": "48851f25-3ed2-4508-95ef-c2f96866f343",
      "title": "",
      "fullFile": "cypress\\integration\\Buggytests\\profile.spec.js",
      "file": "cypress\\integration\\Buggytests\\profile.spec.js",
      "beforeHooks": [],
      "afterHooks": [],
      "tests": [],
      "suites": [
        {
          "uuid": "50a7a0cc-b52e-4e49-afbf-ea14233edbc0",
          "title": " user profile",
          "fullFile": "",
          "file": "",
          "beforeHooks": [],
          "afterHooks": [],
          "tests": [
            {
              "title": "profile can be updated without any updates",
              "fullTitle": " user profile profile can be updated without any updates",
              "timedOut": null,
              "duration": 3389,
              "state": "passed",
              "speed": "slow",
              "pass": true,
              "fail": false,
              "pending": false,
              "context": null,
              "code": "cy.get(this.input.selector.inputLogin).type(this.input.register.username);\ncy.get(this.input.selector.inputPswd).type(this.input.register.password);\ncy.contains('button', 'Login').click();\ncy.contains('a', 'Profile').click();\ncy.contains('button', 'Save').click();\ncy.get('.result').contains('The profile has been saved successful').should('be.visible');",
              "err": {},
              "uuid": "211f582e-e1a6-407e-b68e-089aeb9d59b2",
              "parentUUID": "50a7a0cc-b52e-4e49-afbf-ea14233edbc0",
              "isHook": false,
              "skipped": false
            },
            {
              "title": " Kitting is a valid jhobby, but showed unknown error",
              "fullTitle": " user profile  Kitting is a valid jhobby, but showed unknown error",
              "timedOut": null,
              "duration": 13867,
              "state": "failed",
              "speed": null,
              "pass": false,
              "fail": true,
              "pending": false,
              "context": null,
              "code": "cy.get(this.input.selector.inputLogin).type(this.input.register.username);\ncy.get(this.input.selector.inputPswd).type(this.input.register.password);\ncy.contains('button', 'Login').click();\ncy.contains('a', 'Profile').click();\ncy.get('#gender').type(this.input.register.gender);\ncy.get('#age').type(this.input.register.age);\ncy.get('#address').type(this.input.register.address);\ncy.get('#hobby').select(this.input.register.hobby);\ncy.contains('button', 'Save').click();\ncy.get('.result').contains('The profile has been saved successful').should('be.visible');\ncy.get('#gender').clear();\ncy.get('#age').clear();\ncy.get('#address').clear();\ncy.contains('button', 'Save').click();\ncy.get('.result').contains('The profile has been saved successful').should('be.visible');",
              "err": {
                "message": "AssertionError: Timed out retrying after 10000ms: Expected to find content: 'The profile has been saved successful' within the element: [ <div.result.alert.alert-danger.hidden-md-down>, 1 more... ] but never did.",
                "estack": "AssertionError: Timed out retrying after 10000ms: Expected to find content: 'The profile has been saved successful' within the element: [ <div.result.alert.alert-danger.hidden-md-down>, 1 more... ] but never did.\n    at Context.eval (https://buggy.justtestit.org/__cypress/tests?p=cypress\\integration\\Buggytests\\profile.spec.js:123:73)",
                "diff": null
              },
              "uuid": "dd3abe19-d074-4275-b31f-fde23e9507d2",
              "parentUUID": "50a7a0cc-b52e-4e49-afbf-ea14233edbc0",
              "isHook": false,
              "skipped": false
            },
            {
              "title": "invalid password message should be visible",
              "fullTitle": " user profile invalid password message should be visible",
              "timedOut": null,
              "duration": 4236,
              "state": "passed",
              "speed": "slow",
              "pass": true,
              "fail": false,
              "pending": false,
              "context": null,
              "code": "cy.get(this.input.selector.inputLogin).type(this.input.register.username);\ncy.get(this.input.selector.inputPswd).type(this.input.register.password);\ncy.contains('button', 'Login').click();\ncy.contains('a', 'Profile').click();\ncy.get('#currentPassword').type('T@sts123');\ncy.get('#newPassword').type('T@sts145');\ncy.get('#newPasswordConfirmation').type('T@sts145');\ncy.contains('button', 'Save').click();\ncy.get('.result').contains('NotAuthorizedException: Incorrect username or password').should('be.visible');",
              "err": {},
              "uuid": "1c9ebe20-401c-411e-9750-2b84566ddea3",
              "parentUUID": "50a7a0cc-b52e-4e49-afbf-ea14233edbc0",
              "isHook": false,
              "skipped": false
            }
          ],
          "suites": [],
          "passes": [
            "211f582e-e1a6-407e-b68e-089aeb9d59b2",
            "1c9ebe20-401c-411e-9750-2b84566ddea3"
          ],
          "failures": [
            "dd3abe19-d074-4275-b31f-fde23e9507d2"
          ],
          "pending": [],
          "skipped": [],
          "duration": 21492,
          "root": false,
          "rootEmpty": false,
          "_timeout": 2000
        }
      ],
      "passes": [],
      "failures": [],
      "pending": [],
      "skipped": [],
      "duration": 0,
      "root": true,
      "rootEmpty": true,
      "_timeout": 2000
    }
  ],
  "meta": {
    "mocha": {
      "version": "7.0.1"
    },
    "mochawesome": {
      "options": {
        "quiet": false,
        "reportFilename": "report",
        "saveHtml": true,
        "saveJson": true,
        "consoleReporter": "spec",
        "useInlineDiffs": false,
        "code": true
      },
      "version": "6.2.2"
    },
    "marge": {
      "options": {
        "reportDir": "cypress/reports",
        "reportFilename": "report",
        "overwrite": false,
        "html": true,
        "json": true,
        "charts": true
      },
      "version": "5.2.0"
    }
  }
}