{
  "stats": {
    "suites": 1,
    "tests": 9,
    "passes": 9,
    "pending": 0,
    "failures": 0,
    "start": "2022-03-06T03:22:39.769Z",
    "end": "2022-03-06T03:23:06.829Z",
    "duration": 27060,
    "testsRegistered": 9,
    "passPercent": 100,
    "pendingPercent": 0,
    "other": 0,
    "hasOther": false,
    "skipped": 0,
    "hasSkipped": false
  },
  "results": [
    {
      "uuid": "b7a8bb03-da02-4201-b625-fc6341bbc04d",
      "title": "",
      "fullFile": "cypress\\integration\\Buggytests\\register.spec.js",
      "file": "cypress\\integration\\Buggytests\\register.spec.js",
      "beforeHooks": [],
      "afterHooks": [],
      "tests": [],
      "suites": [
        {
          "uuid": "59cef391-da34-47ed-a650-9223c9b4f49c",
          "title": "Register script for buggycarr",
          "fullFile": "",
          "file": "",
          "beforeHooks": [],
          "afterHooks": [],
          "tests": [
            {
              "title": "Register form with invalid password length",
              "fullTitle": "Register script for buggycarr Register form with invalid password length",
              "timedOut": null,
              "duration": 3630,
              "state": "passed",
              "speed": "slow",
              "pass": true,
              "fail": false,
              "pending": false,
              "context": null,
              "code": "cy.contains('a', 'Register').click();\ncy.get('input[name=username]').type('test');\ncy.get('input[name=firstName]').type('test');\ncy.get('input[name=lastName]').type('test');\ncy.get('[for=password]').type('test');\ncy.get('[for=confirmPassword]').type('test');\ncy.contains('button', 'Register').click(); //validation check for password length\ncy.contains(\"InvalidParameter: 1 validation error(s) found.\").should('be.visible');\ncy.contains(\"- minimum field size of 6, SignUpInput.Password.\").should('be.visible');",
              "err": {},
              "uuid": "979fe627-c703-4863-ad75-9a395cdcbd1b",
              "parentUUID": "59cef391-da34-47ed-a650-9223c9b4f49c",
              "isHook": false,
              "skipped": false
            },
            {
              "title": "Register form with invalid password do not match",
              "fullTitle": "Register script for buggycarr Register form with invalid password do not match",
              "timedOut": null,
              "duration": 2040,
              "state": "passed",
              "speed": "slow",
              "pass": true,
              "fail": false,
              "pending": false,
              "context": null,
              "code": "cy.contains('a', 'Register').click();\ncy.get('input[name=username]').type('test');\ncy.get('input[name=firstName]').type('test');\ncy.get('input[name=lastName]').type('test');\ncy.get('[for=password]').type('test');\ncy.get('[for=confirmPassword]').type('test@1'); //validation check for password do not match\ncy.contains(\"Passwords do not match\").should('be.visible');",
              "err": {},
              "uuid": "a354f11c-c1bb-4e93-84a0-100b653fa189",
              "parentUUID": "59cef391-da34-47ed-a650-9223c9b4f49c",
              "isHook": false,
              "skipped": false
            },
            {
              "title": "register form with invalid password not long enough",
              "fullTitle": "Register script for buggycarr register form with invalid password not long enough",
              "timedOut": null,
              "duration": 2508,
              "state": "passed",
              "speed": "slow",
              "pass": true,
              "fail": false,
              "pending": false,
              "context": null,
              "code": "cy.contains('a', 'Register').click();\ncy.get('input[name=username]').type('test');\ncy.get('input[name=firstName]').type('test');\ncy.get('input[name=lastName]').type('test');\ncy.get('[for=password]').type('tes@12');\ncy.get('[for=confirmPassword]').type('tes@12');\ncy.contains('button', 'Register').click(); //validation check for password policy length\ncy.contains(\"InvalidPasswordException: Password did not conform with policy: Password not long enough\").should('be.visible');",
              "err": {},
              "uuid": "be1acf45-61a9-4a15-ac60-207c602ada6b",
              "parentUUID": "59cef391-da34-47ed-a650-9223c9b4f49c",
              "isHook": false,
              "skipped": false
            },
            {
              "title": "register form with invalid password uppercase",
              "fullTitle": "Register script for buggycarr register form with invalid password uppercase",
              "timedOut": null,
              "duration": 2679,
              "state": "passed",
              "speed": "slow",
              "pass": true,
              "fail": false,
              "pending": false,
              "context": null,
              "code": "cy.contains('a', 'Register').click();\ncy.get('input[name=username]').type('test');\ncy.get('input[name=firstName]').type('test');\ncy.get('input[name=lastName]').type('test');\ncy.get('[for=password]').type('test!123');\ncy.get('[for=confirmPassword]').type('test!123');\ncy.contains('button', 'Register').click(); //validation check for password policy uppercase\ncy.contains(\"InvalidPasswordException: Password did not conform with policy: Password must have uppercase characters\").should('be.visible');",
              "err": {},
              "uuid": "ef00a977-9322-4e52-803e-5871ed51c342",
              "parentUUID": "59cef391-da34-47ed-a650-9223c9b4f49c",
              "isHook": false,
              "skipped": false
            },
            {
              "title": "register form with invalid password special symbol",
              "fullTitle": "Register script for buggycarr register form with invalid password special symbol",
              "timedOut": null,
              "duration": 2489,
              "state": "passed",
              "speed": "slow",
              "pass": true,
              "fail": false,
              "pending": false,
              "context": null,
              "code": "cy.contains('a', 'Register').click();\ncy.get('input[name=username]').type('test');\ncy.get('input[name=firstName]').type('test');\ncy.get('input[name=lastName]').type('est');\ncy.get('[for=password]').type('Test1234');\ncy.get('[for=confirmPassword]').type('Test1234');\ncy.contains('button', 'Register').click(); //validation check for password special symbols\ncy.contains(\"InvalidPasswordException: Password did not conform with policy: Password must have symbol characters\").should('be.visible');",
              "err": {},
              "uuid": "81c2759e-422c-4c02-a330-b87eaabf0ad9",
              "parentUUID": "59cef391-da34-47ed-a650-9223c9b4f49c",
              "isHook": false,
              "skipped": false
            },
            {
              "title": "register form with invalid password lowercase",
              "fullTitle": "Register script for buggycarr register form with invalid password lowercase",
              "timedOut": null,
              "duration": 2607,
              "state": "passed",
              "speed": "slow",
              "pass": true,
              "fail": false,
              "pending": false,
              "context": null,
              "code": "cy.contains('a', 'Register').click();\ncy.get('input[name=username]').type('test');\ncy.get('input[name=firstName]').type('test');\ncy.get('input[name=lastName]').type('test');\ncy.get('[for=password]').type('TESTS!23');\ncy.get('[for=confirmPassword]').type('TESTS!23');\ncy.contains('button', 'Register').click(); //validation check for password lowercase\ncy.contains(\"InvalidPasswordException: Password did not conform with policy: Password must have lowercase characters\").should('be.visible');",
              "err": {},
              "uuid": "81762c0a-bbcf-4a70-a88f-d5efb9f9cf49",
              "parentUUID": "59cef391-da34-47ed-a650-9223c9b4f49c",
              "isHook": false,
              "skipped": false
            },
            {
              "title": "register form mandatory fields",
              "fullTitle": "Register script for buggycarr register form mandatory fields",
              "timedOut": null,
              "duration": 2775,
              "state": "passed",
              "speed": "slow",
              "pass": true,
              "fail": false,
              "pending": false,
              "context": null,
              "code": "cy.contains('a', 'Register').click();\ncy.get('input[name=username]').type('test').clear();\ncy.contains('Login is required').should('be.visible');\ncy.get('input[name=firstName]').type('test').clear();\ncy.contains('First Name is required').should('be.visible');\ncy.get('input[name=lastName]').type('test').clear();\ncy.contains('First Name is required').should('be.visible');\ncy.get('#password').type('wer').clear();\ncy.contains('Password is required').should('be.visible');\ncy.get('#confirmPassword').type('wer').clear();\ncy.contains('Passwords do not match').should('be.visible');",
              "err": {},
              "uuid": "fe571578-2c95-4ee3-b96c-5fc564c6fa3b",
              "parentUUID": "59cef391-da34-47ed-a650-9223c9b4f49c",
              "isHook": false,
              "skipped": false
            },
            {
              "title": "register form with invalid password user already exist",
              "fullTitle": "Register script for buggycarr register form with invalid password user already exist",
              "timedOut": null,
              "duration": 2879,
              "state": "passed",
              "speed": "slow",
              "pass": true,
              "fail": false,
              "pending": false,
              "context": null,
              "code": "cy.contains('a', 'Register').click();\ncy.get('input[name=username]').type('t');\ncy.get('input[name=firstName]').type('test');\ncy.get('input[name=lastName]').type('test');\ncy.get('[for=password]').type('T@12estt');\ncy.get('[for=confirmPassword]').type('T@12estt');\ncy.contains('button', 'Register').click();\ncy.contains('UsernameExistsException: User already exists').should('be.visible');",
              "err": {},
              "uuid": "571ab3f7-1ea1-46b1-b372-746a546c5db8",
              "parentUUID": "59cef391-da34-47ed-a650-9223c9b4f49c",
              "isHook": false,
              "skipped": false
            },
            {
              "title": "register form with valid password parameter",
              "fullTitle": "Register script for buggycarr register form with valid password parameter",
              "timedOut": null,
              "duration": 3217,
              "state": "passed",
              "speed": "slow",
              "pass": true,
              "fail": false,
              "pending": false,
              "context": null,
              "code": "var _this = this;\ncy.contains('a', 'Register').click();\ncy.generateRandomString(10).then(function (username) {\n  cy.get(_this.data.selector.inputUsername).type(username);\n});\ncy.generateRandomString(10).then(function (firstname) {\n  cy.get(_this.data.selector.inputFirstname).type(firstname);\n});\ncy.generateRandomString(10).then(function (lastname) {\n  cy.get(_this.data.selector.inputLastname).type(lastname);\n});\ncy.get(this.data.selector.inputPassword).type(this.data.register.password);\ncy.get(this.data.selector.inputConfirmpassword).type(this.data.register.password);\ncy.contains('button', 'Register').click();\ncy.contains('Registration is successful').should('be.visible');\ncy.contains('a', 'Cancel').click();\ncy.contains('a', 'Buggy Rating').should('be.visible');",
              "err": {},
              "uuid": "601fb146-0d9f-4c52-a5d5-71935171fc76",
              "parentUUID": "59cef391-da34-47ed-a650-9223c9b4f49c",
              "isHook": false,
              "skipped": false
            }
          ],
          "suites": [],
          "passes": [
            "979fe627-c703-4863-ad75-9a395cdcbd1b",
            "a354f11c-c1bb-4e93-84a0-100b653fa189",
            "be1acf45-61a9-4a15-ac60-207c602ada6b",
            "ef00a977-9322-4e52-803e-5871ed51c342",
            "81c2759e-422c-4c02-a330-b87eaabf0ad9",
            "81762c0a-bbcf-4a70-a88f-d5efb9f9cf49",
            "fe571578-2c95-4ee3-b96c-5fc564c6fa3b",
            "571ab3f7-1ea1-46b1-b372-746a546c5db8",
            "601fb146-0d9f-4c52-a5d5-71935171fc76"
          ],
          "failures": [],
          "pending": [],
          "skipped": [],
          "duration": 24824,
          "root": false,
          "rootEmpty": false,
          "_timeout": 2000
        }
      ],
      "passes": [],
      "failures": [],
      "pending": [],
      "skipped": [],
      "duration": 0,
      "root": true,
      "rootEmpty": true,
      "_timeout": 2000
    }
  ],
  "meta": {
    "mocha": {
      "version": "7.0.1"
    },
    "mochawesome": {
      "options": {
        "quiet": false,
        "reportFilename": "report",
        "saveHtml": true,
        "saveJson": true,
        "consoleReporter": "spec",
        "useInlineDiffs": false,
        "code": true
      },
      "version": "6.2.2"
    },
    "marge": {
      "options": {
        "reportDir": "cypress/reports",
        "reportFilename": "report",
        "overwrite": false,
        "html": true,
        "json": true,
        "charts": true
      },
      "version": "5.2.0"
    }
  }
}