{
  "stats": {
    "suites": 1,
    "tests": 2,
    "passes": 2,
    "pending": 0,
    "failures": 0,
    "start": "2022-03-06T06:34:57.850Z",
    "end": "2022-03-06T06:35:05.056Z",
    "duration": 7206,
    "testsRegistered": 2,
    "passPercent": 100,
    "pendingPercent": 0,
    "other": 0,
    "hasOther": false,
    "skipped": 0,
    "hasSkipped": false
  },
  "results": [
    {
      "uuid": "86fe5b5c-3927-45cd-b0ff-8baa506be9bd",
      "title": "",
      "fullFile": "cypress\\integration\\Buggytests\\login.spec.js",
      "file": "cypress\\integration\\Buggytests\\login.spec.js",
      "beforeHooks": [],
      "afterHooks": [],
      "tests": [],
      "suites": [
        {
          "uuid": "39be1acb-2aa7-4353-8182-ecd006a651e6",
          "title": "Login script for buggycarr",
          "fullFile": "",
          "file": "",
          "beforeHooks": [],
          "afterHooks": [],
          "tests": [
            {
              "title": "Login with valid user",
              "fullTitle": "Login script for buggycarr Login with valid user",
              "timedOut": null,
              "duration": 2975,
              "state": "passed",
              "speed": "slow",
              "pass": true,
              "fail": false,
              "pending": false,
              "context": null,
              "code": "cy.get(this.input.selector.inputLogin).type(this.input.register.username);\ncy.get(this.input.selector.inputPswd).type(this.input.register.password);\ncy.contains('button', 'Login').click();\ncy.contains('li', 'Hi', +this.input.register.firstname).should('be.visible');\ncy.contains('a', 'Logout').click();",
              "err": {},
              "uuid": "34e05093-fc02-4c5e-8ba5-956abc09e71c",
              "parentUUID": "39be1acb-2aa7-4353-8182-ecd006a651e6",
              "isHook": false,
              "skipped": false
            },
            {
              "title": "Login with invalid user",
              "fullTitle": "Login script for buggycarr Login with invalid user",
              "timedOut": null,
              "duration": 1684,
              "state": "passed",
              "speed": "slow",
              "pass": true,
              "fail": false,
              "pending": false,
              "context": null,
              "code": "var _this = this;\ncy.generateRandomString(10).then(function (user) {\n  cy.get(_this.input.selector.inputLogin).type(user);\n});\ncy.generateRandomString(10).then(function (psd) {\n  cy.get(_this.input.selector.inputPswd).type(psd);\n});\ncy.contains('button', 'Login').click();\ncy.contains('Invalid username/password').should('be.visible');",
              "err": {},
              "uuid": "b0275e34-6db4-48d5-9490-58e7e7c6a954",
              "parentUUID": "39be1acb-2aa7-4353-8182-ecd006a651e6",
              "isHook": false,
              "skipped": false
            }
          ],
          "suites": [],
          "passes": [
            "34e05093-fc02-4c5e-8ba5-956abc09e71c",
            "b0275e34-6db4-48d5-9490-58e7e7c6a954"
          ],
          "failures": [],
          "pending": [],
          "skipped": [],
          "duration": 4659,
          "root": false,
          "rootEmpty": false,
          "_timeout": 2000
        }
      ],
      "passes": [],
      "failures": [],
      "pending": [],
      "skipped": [],
      "duration": 0,
      "root": true,
      "rootEmpty": true,
      "_timeout": 2000
    }
  ],
  "meta": {
    "mocha": {
      "version": "7.0.1"
    },
    "mochawesome": {
      "options": {
        "quiet": false,
        "reportFilename": "report",
        "saveHtml": true,
        "saveJson": true,
        "consoleReporter": "spec",
        "useInlineDiffs": false,
        "code": true
      },
      "version": "6.2.2"
    },
    "marge": {
      "options": {
        "reportDir": "cypress/reports",
        "reportFilename": "report",
        "overwrite": false,
        "html": true,
        "json": true,
        "charts": true
      },
      "version": "5.2.0"
    }
  }
}