{
  "stats": {
    "suites": 1,
    "tests": 4,
    "passes": 4,
    "pending": 0,
    "failures": 0,
    "start": "2022-03-06T03:58:15.618Z",
    "end": "2022-03-06T03:58:30.049Z",
    "duration": 14431,
    "testsRegistered": 4,
    "passPercent": 100,
    "pendingPercent": 0,
    "other": 0,
    "hasOther": false,
    "skipped": 0,
    "hasSkipped": false
  },
  "results": [
    {
      "uuid": "5b72b92e-e5c7-4bf2-868c-1ddbc9a2c169",
      "title": "",
      "fullFile": "cypress\\integration\\Buggytests\\votes.spec.js",
      "file": "cypress\\integration\\Buggytests\\votes.spec.js",
      "beforeHooks": [],
      "afterHooks": [],
      "tests": [],
      "suites": [
        {
          "uuid": "0b810215-c8ed-4943-99a7-2bd1240d8f66",
          "title": "Votes script for buggycarr",
          "fullFile": "",
          "file": "",
          "beforeHooks": [],
          "afterHooks": [],
          "tests": [
            {
              "title": "Navigate to popular make",
              "fullTitle": "Votes script for buggycarr Navigate to popular make",
              "timedOut": null,
              "duration": 4668,
              "state": "passed",
              "speed": "slow",
              "pass": true,
              "fail": false,
              "pending": false,
              "context": null,
              "code": "cy.contains('h2', 'Popular Model').should('be.visible');\ncy.get('[src=\"/img/cars/Lamborghini-Logo.png\"]').click();\ncy.scrollTo('center');\ncy.contains('a', 'Model').should('be.visible');\ncy.contains('a', 'Rank').should('be.visible');\ncy.contains('a', 'Votes').should('be.visible');\ncy.get('.comments').contains('Comments').should('be.visible');\ncy.contains('a', 'Diablo').click();\ncy.url().should('include', '/model');\ncy.contains('You need to be logged in to vote.').should('be.visible');\ncy.get('[src=\"/img/cars/Lamborghini-Logo.png\"]').click();\ncy.url().should('include', '/make');",
              "err": {},
              "uuid": "f74931b9-02c2-41bc-ab08-b8ebc44a79cd",
              "parentUUID": "0b810215-c8ed-4943-99a7-2bd1240d8f66",
              "isHook": false,
              "skipped": false
            },
            {
              "title": "Navigate to popular model",
              "fullTitle": "Votes script for buggycarr Navigate to popular model",
              "timedOut": null,
              "duration": 1774,
              "state": "passed",
              "speed": "slow",
              "pass": true,
              "fail": false,
              "pending": false,
              "context": null,
              "code": "cy.contains('h2', 'Popular Make').should('be.visible');\ncy.get('[src=\"/img/cars/Diablo.jpg\"]').click();\ncy.contains('th', 'Date').should('be.visible');\ncy.contains('th', 'Author').should('be.visible');\ncy.contains('th', 'Comment').should('be.visible');\ncy.url().should('include', '/model');\ncy.contains('You need to be logged in to vote.').should('be.visible');\ncy.get('[src=\"/img/cars/Diablo.jpg\"]').click();\ncy.url().should('eql', 'https://buggy.justtestit.org/');",
              "err": {},
              "uuid": "6b0855cb-b011-4256-a627-02d535a7617c",
              "parentUUID": "0b810215-c8ed-4943-99a7-2bd1240d8f66",
              "isHook": false,
              "skipped": false
            },
            {
              "title": "Navigate to overall rating",
              "fullTitle": "Votes script for buggycarr Navigate to overall rating",
              "timedOut": null,
              "duration": 1963,
              "state": "passed",
              "speed": "slow",
              "pass": true,
              "fail": false,
              "pending": false,
              "context": null,
              "code": "cy.contains('h2', 'Overall Rating').should('be.visible');\ncy.get('[src=\"/img/overall.jpg\"]').click();\ncy.url().should('include', '/overall');\ncy.contains('a', 'Model').should('be.visible');\ncy.contains('a', 'Rank').should('be.visible');\ncy.contains('a', 'Votes').should('be.visible');\ncy.contains('a', 'Engine').should('be.visible');\ncy.get('.comments').contains('Comments').should('be.visible');\ncy.contains('Lamborghini').click();\ncy.url().should('include', '/make');",
              "err": {},
              "uuid": "ae044901-fb4f-474c-9e65-3aeaa744db18",
              "parentUUID": "0b810215-c8ed-4943-99a7-2bd1240d8f66",
              "isHook": false,
              "skipped": false
            },
            {
              "title": "Check vote button enabled only when user logged in and not voted earlier",
              "fullTitle": "Votes script for buggycarr Check vote button enabled only when user logged in and not voted earlier",
              "timedOut": null,
              "duration": 3710,
              "state": "passed",
              "speed": "slow",
              "pass": true,
              "fail": false,
              "pending": false,
              "context": null,
              "code": "cy.get(this.data.selector.inputLogin).type(this.data.register.username);\ncy.get(this.data.selector.inputPswd).type(this.data.register.password);\ncy.contains('button', 'Login').click();\ncy.contains('h2', 'Overall Rating').should('be.visible');\ncy.get('[src=\"/img/overall.jpg\"]').click();\ncy.url().should('include', '/overall');\ncy.contains('a', 'View more').click();\ncy.contains('button', 'Vote').should('be.visible');",
              "err": {},
              "uuid": "2cf14f1c-3931-4d4a-a418-43bb60f2693b",
              "parentUUID": "0b810215-c8ed-4943-99a7-2bd1240d8f66",
              "isHook": false,
              "skipped": false
            }
          ],
          "suites": [],
          "passes": [
            "f74931b9-02c2-41bc-ab08-b8ebc44a79cd",
            "6b0855cb-b011-4256-a627-02d535a7617c",
            "ae044901-fb4f-474c-9e65-3aeaa744db18",
            "2cf14f1c-3931-4d4a-a418-43bb60f2693b"
          ],
          "failures": [],
          "pending": [],
          "skipped": [],
          "duration": 12115,
          "root": false,
          "rootEmpty": false,
          "_timeout": 2000
        }
      ],
      "passes": [],
      "failures": [],
      "pending": [],
      "skipped": [],
      "duration": 0,
      "root": true,
      "rootEmpty": true,
      "_timeout": 2000
    }
  ],
  "meta": {
    "mocha": {
      "version": "7.0.1"
    },
    "mochawesome": {
      "options": {
        "quiet": false,
        "reportFilename": "report",
        "saveHtml": true,
        "saveJson": true,
        "consoleReporter": "spec",
        "useInlineDiffs": false,
        "code": true
      },
      "version": "6.2.2"
    },
    "marge": {
      "options": {
        "reportDir": "cypress/reports",
        "reportFilename": "report",
        "overwrite": false,
        "html": true,
        "json": true,
        "charts": true
      },
      "version": "5.2.0"
    }
  }
}