{
  "stats": {
    "suites": 1,
    "tests": 4,
    "passes": 4,
    "pending": 0,
    "failures": 0,
    "start": "2022-03-06T04:15:48.137Z",
    "end": "2022-03-06T04:16:02.178Z",
    "duration": 14041,
    "testsRegistered": 4,
    "passPercent": 100,
    "pendingPercent": 0,
    "other": 0,
    "hasOther": false,
    "skipped": 0,
    "hasSkipped": false
  },
  "results": [
    {
      "uuid": "dc4d3099-6b7d-489c-b3ba-15c3b97ce43c",
      "title": "",
      "fullFile": "cypress\\integration\\Buggytests\\votes.spec.js",
      "file": "cypress\\integration\\Buggytests\\votes.spec.js",
      "beforeHooks": [],
      "afterHooks": [],
      "tests": [],
      "suites": [
        {
          "uuid": "23449172-dae8-42e2-9e3a-7b5df824d36b",
          "title": "Votes script for buggycarr",
          "fullFile": "",
          "file": "",
          "beforeHooks": [],
          "afterHooks": [],
          "tests": [
            {
              "title": "Navigate to popular make",
              "fullTitle": "Votes script for buggycarr Navigate to popular make",
              "timedOut": null,
              "duration": 4739,
              "state": "passed",
              "speed": "slow",
              "pass": true,
              "fail": false,
              "pending": false,
              "context": null,
              "code": "cy.contains('h2', 'Popular Model').should('be.visible');\ncy.get('[src=\"/img/cars/Lamborghini-Logo.png\"]').click();\ncy.scrollTo('center');\ncy.contains('a', 'Model').should('be.visible');\ncy.contains('a', 'Rank').should('be.visible');\ncy.contains('a', 'Votes').should('be.visible');\ncy.get('.comments').contains('Comments').should('be.visible');\ncy.contains('a', 'Diablo').click();\ncy.url().should('include', '/model');\ncy.contains('You need to be logged in to vote.').should('be.visible');\ncy.get('[src=\"/img/cars/Lamborghini-Logo.png\"]').click();\ncy.url().should('include', '/make');",
              "err": {},
              "uuid": "e92f393e-8b84-46d7-8ac8-9086ff19222b",
              "parentUUID": "23449172-dae8-42e2-9e3a-7b5df824d36b",
              "isHook": false,
              "skipped": false
            },
            {
              "title": "Navigate to popular model",
              "fullTitle": "Votes script for buggycarr Navigate to popular model",
              "timedOut": null,
              "duration": 2038,
              "state": "passed",
              "speed": "slow",
              "pass": true,
              "fail": false,
              "pending": false,
              "context": null,
              "code": "cy.contains('h2', 'Popular Make').should('be.visible');\ncy.get('[src=\"/img/cars/Diablo.jpg\"]').click();\ncy.contains('th', 'Date').should('be.visible');\ncy.contains('th', 'Author').should('be.visible');\ncy.contains('th', 'Comment').should('be.visible');\ncy.url().should('include', '/model');\ncy.contains('You need to be logged in to vote.').should('be.visible');\ncy.get('[src=\"/img/cars/Diablo.jpg\"]').click();\ncy.url().should('eql', 'https://buggy.justtestit.org/');",
              "err": {},
              "uuid": "ca5c9d52-11e8-4fcf-827c-61d617858065",
              "parentUUID": "23449172-dae8-42e2-9e3a-7b5df824d36b",
              "isHook": false,
              "skipped": false
            },
            {
              "title": "Navigate to overall rating",
              "fullTitle": "Votes script for buggycarr Navigate to overall rating",
              "timedOut": null,
              "duration": 2036,
              "state": "passed",
              "speed": "slow",
              "pass": true,
              "fail": false,
              "pending": false,
              "context": null,
              "code": "cy.contains('h2', 'Overall Rating').should('be.visible');\ncy.get('[src=\"/img/overall.jpg\"]').click();\ncy.url().should('include', '/overall');\ncy.contains('a', 'Model').should('be.visible');\ncy.contains('a', 'Rank').should('be.visible');\ncy.contains('a', 'Votes').should('be.visible');\ncy.contains('a', 'Engine').should('be.visible');\ncy.get('.comments').contains('Comments').should('be.visible');\ncy.contains('Lamborghini').click();\ncy.url().should('include', '/make');",
              "err": {},
              "uuid": "2b12d6f2-e9f7-4335-bab9-b3ec84f675e8",
              "parentUUID": "23449172-dae8-42e2-9e3a-7b5df824d36b",
              "isHook": false,
              "skipped": false
            },
            {
              "title": "Check vote button enabled only when user logged in and not voted earlier",
              "fullTitle": "Votes script for buggycarr Check vote button enabled only when user logged in and not voted earlier",
              "timedOut": null,
              "duration": 3105,
              "state": "passed",
              "speed": "slow",
              "pass": true,
              "fail": false,
              "pending": false,
              "context": null,
              "code": "cy.get(this.data.selector.inputLogin).type(this.data.register.username);\ncy.get(this.data.selector.inputPswd).type(this.data.register.password);\ncy.contains('button', 'Login').click();\ncy.contains('h2', 'Overall Rating').should('be.visible');\ncy.get('[src=\"/img/overall.jpg\"]').click();\ncy.url().should('include', '/overall');\ncy.contains('a', 'View more').click();\ncy.contains('button', 'Vote').should('be.visible');",
              "err": {},
              "uuid": "689995a9-bfcf-41ae-801f-82932aa488b5",
              "parentUUID": "23449172-dae8-42e2-9e3a-7b5df824d36b",
              "isHook": false,
              "skipped": false
            }
          ],
          "suites": [],
          "passes": [
            "e92f393e-8b84-46d7-8ac8-9086ff19222b",
            "ca5c9d52-11e8-4fcf-827c-61d617858065",
            "2b12d6f2-e9f7-4335-bab9-b3ec84f675e8",
            "689995a9-bfcf-41ae-801f-82932aa488b5"
          ],
          "failures": [],
          "pending": [],
          "skipped": [],
          "duration": 11918,
          "root": false,
          "rootEmpty": false,
          "_timeout": 2000
        }
      ],
      "passes": [],
      "failures": [],
      "pending": [],
      "skipped": [],
      "duration": 0,
      "root": true,
      "rootEmpty": true,
      "_timeout": 2000
    }
  ],
  "meta": {
    "mocha": {
      "version": "7.0.1"
    },
    "mochawesome": {
      "options": {
        "quiet": false,
        "reportFilename": "report",
        "saveHtml": true,
        "saveJson": true,
        "consoleReporter": "spec",
        "useInlineDiffs": false,
        "code": true
      },
      "version": "6.2.2"
    },
    "marge": {
      "options": {
        "reportDir": "cypress/reports",
        "reportFilename": "report",
        "overwrite": false,
        "html": true,
        "json": true,
        "charts": true
      },
      "version": "5.2.0"
    }
  }
}