{
  "stats": {
    "suites": 1,
    "tests": 4,
    "passes": 4,
    "pending": 0,
    "failures": 0,
    "start": "2021-03-12T00:44:29.255Z",
    "end": "2021-03-12T00:45:02.463Z",
    "duration": 33208,
    "testsRegistered": 4,
    "passPercent": 100,
    "pendingPercent": 0,
    "other": 0,
    "hasOther": false,
    "skipped": 0,
    "hasSkipped": false
  },
  "results": [
    {
      "uuid": "5c02aa50-ecef-41ed-925c-c7bf08d62af8",
      "title": "",
      "fullFile": "cypress\\integration\\Buggytests\\votes.spec.js",
      "file": "cypress\\integration\\Buggytests\\votes.spec.js",
      "beforeHooks": [],
      "afterHooks": [],
      "tests": [],
      "suites": [
        {
          "uuid": "0ec8db02-9fde-45e8-bdd8-99cb1956d3b0",
          "title": "Login script for buggycarr",
          "fullFile": "",
          "file": "",
          "beforeHooks": [],
          "afterHooks": [],
          "tests": [
            {
              "title": "Navigate to popular make",
              "fullTitle": "Login script for buggycarr Navigate to popular make",
              "timedOut": null,
              "duration": 5852,
              "state": "passed",
              "speed": "slow",
              "pass": true,
              "fail": false,
              "pending": false,
              "context": null,
              "code": "cy.contains('h2', 'Popular Model').should('be.visible');\ncy.get('[src=\"/img/cars/Lamborghini-Logo.png\"]').click();\ncy.scrollTo('center');\ncy.contains('a', 'Model').should('be.visible');\ncy.contains('a', 'Rank').should('be.visible');\ncy.contains('a', 'Votes').should('be.visible');\ncy.get('.comments').contains('Comments').should('be.visible');\ncy.contains('a', 'Diablo').click();\ncy.url().should('include', '/model');\ncy.contains('You need to be logged in to vote.').should('be.visible');\ncy.get('[src=\"/img/cars/Lamborghini-Logo.png\"]').click();\ncy.url().should('include', '/make');",
              "err": {},
              "uuid": "85e586ff-efe4-45e0-82d0-0ea0ec6a76e8",
              "parentUUID": "0ec8db02-9fde-45e8-bdd8-99cb1956d3b0",
              "isHook": false,
              "skipped": false
            },
            {
              "title": "Navigate to popular model",
              "fullTitle": "Login script for buggycarr Navigate to popular model",
              "timedOut": null,
              "duration": 6282,
              "state": "passed",
              "speed": "slow",
              "pass": true,
              "fail": false,
              "pending": false,
              "context": null,
              "code": "cy.contains('h2', 'Popular Make').should('be.visible');\ncy.get('[src=\"/img/cars/Diablo.jpg\"]').click();\ncy.contains('th', 'Date').should('be.visible');\ncy.contains('th', 'Author').should('be.visible');\ncy.contains('th', 'Comment').should('be.visible');\ncy.url().should('include', '/model');\ncy.contains('You need to be logged in to vote.').should('be.visible');\ncy.get('[src=\"/img/cars/Diablo.jpg\"]').click();\ncy.url().should('eql', 'https://buggy.justtestit.org/');",
              "err": {},
              "uuid": "386f10ad-9c55-4cb1-a25b-31ed63402932",
              "parentUUID": "0ec8db02-9fde-45e8-bdd8-99cb1956d3b0",
              "isHook": false,
              "skipped": false
            },
            {
              "title": "Navigate to overall rating",
              "fullTitle": "Login script for buggycarr Navigate to overall rating",
              "timedOut": null,
              "duration": 6071,
              "state": "passed",
              "speed": "slow",
              "pass": true,
              "fail": false,
              "pending": false,
              "context": null,
              "code": "cy.contains('h2', 'Overall Rating').should('be.visible');\ncy.get('[src=\"/img/overall.jpg\"]').click();\ncy.url().should('include', '/overall');\ncy.contains('a', 'Model').should('be.visible');\ncy.contains('a', 'Rank').should('be.visible');\ncy.contains('a', 'Votes').should('be.visible');\ncy.contains('a', 'Engine').should('be.visible');\ncy.get('.comments').contains('Comments').should('be.visible');\ncy.contains('Lamborghini').click();\ncy.url().should('include', '/make');",
              "err": {},
              "uuid": "3a8aab3b-823e-49d1-95e1-b7357519acb3",
              "parentUUID": "0ec8db02-9fde-45e8-bdd8-99cb1956d3b0",
              "isHook": false,
              "skipped": false
            },
            {
              "title": "Check vote button enabled only when user logged in and not voted earlier",
              "fullTitle": "Login script for buggycarr Check vote button enabled only when user logged in and not voted earlier",
              "timedOut": null,
              "duration": 9551,
              "state": "passed",
              "speed": "slow",
              "pass": true,
              "fail": false,
              "pending": false,
              "context": null,
              "code": "cy.get(this.data.selector.inputLogin).type(this.data.register.username);\ncy.get(this.data.selector.inputPswd).type(this.data.register.password);\ncy.contains('button', 'Login').click();\ncy.contains('h2', 'Overall Rating').should('be.visible');\ncy.get('[src=\"/img/overall.jpg\"]').click();\ncy.url().should('include', '/overall');\ncy.contains('a', 'View more').click();\ncy.contains('button', 'Vote').should('be.visible');",
              "err": {},
              "uuid": "5b151811-024e-4ef5-bf0c-14a77cd1f8bb",
              "parentUUID": "0ec8db02-9fde-45e8-bdd8-99cb1956d3b0",
              "isHook": false,
              "skipped": false
            }
          ],
          "suites": [],
          "passes": [
            "85e586ff-efe4-45e0-82d0-0ea0ec6a76e8",
            "386f10ad-9c55-4cb1-a25b-31ed63402932",
            "3a8aab3b-823e-49d1-95e1-b7357519acb3",
            "5b151811-024e-4ef5-bf0c-14a77cd1f8bb"
          ],
          "failures": [],
          "pending": [],
          "skipped": [],
          "duration": 27756,
          "root": false,
          "rootEmpty": false,
          "_timeout": 2000
        }
      ],
      "passes": [],
      "failures": [],
      "pending": [],
      "skipped": [],
      "duration": 0,
      "root": true,
      "rootEmpty": true,
      "_timeout": 2000
    }
  ],
  "meta": {
    "mocha": {
      "version": "7.0.1"
    },
    "mochawesome": {
      "options": {
        "quiet": false,
        "reportFilename": "report",
        "saveHtml": true,
        "saveJson": true,
        "consoleReporter": "spec",
        "useInlineDiffs": false,
        "code": true
      },
      "version": "6.2.2"
    },
    "marge": {
      "options": {
        "reportDir": "cypress/reports",
        "reportFilename": "report",
        "overwrite": false,
        "html": true,
        "json": true,
        "charts": true
      },
      "version": "5.2.0"
    }
  }
}