{
  "stats": {
    "suites": 1,
    "tests": 2,
    "passes": 2,
    "pending": 0,
    "failures": 0,
    "start": "2022-03-06T04:15:04.519Z",
    "end": "2022-03-06T04:15:11.591Z",
    "duration": 7072,
    "testsRegistered": 2,
    "passPercent": 100,
    "pendingPercent": 0,
    "other": 0,
    "hasOther": false,
    "skipped": 0,
    "hasSkipped": false
  },
  "results": [
    {
      "uuid": "c152cca3-7148-4128-bd9a-cdb1f4b47c90",
      "title": "",
      "fullFile": "cypress\\integration\\Buggytests\\login.spec.js",
      "file": "cypress\\integration\\Buggytests\\login.spec.js",
      "beforeHooks": [],
      "afterHooks": [],
      "tests": [],
      "suites": [
        {
          "uuid": "fcacf47c-3b43-4c1d-89e8-7fd2251162fe",
          "title": "Login script for buggycarr",
          "fullFile": "",
          "file": "",
          "beforeHooks": [],
          "afterHooks": [],
          "tests": [
            {
              "title": "Login with valid user",
              "fullTitle": "Login script for buggycarr Login with valid user",
              "timedOut": null,
              "duration": 2980,
              "state": "passed",
              "speed": "slow",
              "pass": true,
              "fail": false,
              "pending": false,
              "context": null,
              "code": "cy.get(this.data.selector.inputLogin).type(this.data.register.username);\ncy.get(this.data.selector.inputPswd).type(this.data.register.password);\ncy.contains('button', 'Login').click();\ncy.contains('li', 'Hi', +this.data.register.firstname).should('be.visible');\ncy.contains('a', 'Logout').click();",
              "err": {},
              "uuid": "20b1138c-7c72-46fc-a1fb-f4ffeef7be17",
              "parentUUID": "fcacf47c-3b43-4c1d-89e8-7fd2251162fe",
              "isHook": false,
              "skipped": false
            },
            {
              "title": "Login with invalid user",
              "fullTitle": "Login script for buggycarr Login with invalid user",
              "timedOut": null,
              "duration": 1471,
              "state": "passed",
              "speed": "slow",
              "pass": true,
              "fail": false,
              "pending": false,
              "context": null,
              "code": "var _this = this;\ncy.generateRandomString(10).then(function (user) {\n  cy.get(_this.data.selector.inputLogin).type(user);\n});\ncy.generateRandomString(10).then(function (psd) {\n  cy.get(_this.data.selector.inputPswd).type(psd);\n});\ncy.contains('button', 'Login').click();\ncy.contains('Invalid username/password').should('be.visible');",
              "err": {},
              "uuid": "c78a91ac-cc5e-4397-bd9d-6bc32f5fb39b",
              "parentUUID": "fcacf47c-3b43-4c1d-89e8-7fd2251162fe",
              "isHook": false,
              "skipped": false
            }
          ],
          "suites": [],
          "passes": [
            "20b1138c-7c72-46fc-a1fb-f4ffeef7be17",
            "c78a91ac-cc5e-4397-bd9d-6bc32f5fb39b"
          ],
          "failures": [],
          "pending": [],
          "skipped": [],
          "duration": 4451,
          "root": false,
          "rootEmpty": false,
          "_timeout": 2000
        }
      ],
      "passes": [],
      "failures": [],
      "pending": [],
      "skipped": [],
      "duration": 0,
      "root": true,
      "rootEmpty": true,
      "_timeout": 2000
    }
  ],
  "meta": {
    "mocha": {
      "version": "7.0.1"
    },
    "mochawesome": {
      "options": {
        "quiet": false,
        "reportFilename": "report",
        "saveHtml": true,
        "saveJson": true,
        "consoleReporter": "spec",
        "useInlineDiffs": false,
        "code": true
      },
      "version": "6.2.2"
    },
    "marge": {
      "options": {
        "reportDir": "cypress/reports",
        "reportFilename": "report",
        "overwrite": false,
        "html": true,
        "json": true,
        "charts": true
      },
      "version": "5.2.0"
    }
  }
}