{
  "stats": {
    "suites": 1,
    "tests": 2,
    "passes": 2,
    "pending": 0,
    "failures": 0,
    "start": "2022-03-06T06:12:57.964Z",
    "end": "2022-03-06T06:13:20.643Z",
    "duration": 22679,
    "testsRegistered": 2,
    "passPercent": 100,
    "pendingPercent": 0,
    "other": 0,
    "hasOther": false,
    "skipped": 0,
    "hasSkipped": false
  },
  "results": [
    {
      "uuid": "af597729-27a9-4b12-afb5-f008a245b482",
      "title": "",
      "fullFile": "cypress\\integration\\Buggytests\\login.spec.js",
      "file": "cypress\\integration\\Buggytests\\login.spec.js",
      "beforeHooks": [],
      "afterHooks": [],
      "tests": [],
      "suites": [
        {
          "uuid": "6342b22a-f172-4784-9086-ccae65c5f1e6",
          "title": "Login script for buggycarr",
          "fullFile": "",
          "file": "",
          "beforeHooks": [],
          "afterHooks": [],
          "tests": [
            {
              "title": "Login with valid user",
              "fullTitle": "Login script for buggycarr Login with valid user",
              "timedOut": null,
              "duration": 7156,
              "state": "passed",
              "speed": "slow",
              "pass": true,
              "fail": false,
              "pending": false,
              "context": null,
              "code": "cy.get(this.data.selector.inputLogin).type(this.data.register.username);\ncy.get(this.data.selector.inputPswd).type(this.data.register.password);\ncy.contains('button', 'Login').click();\ncy.contains('li', 'Hi', +this.data.register.firstname).should('be.visible');\ncy.contains('a', 'Logout').click();",
              "err": {},
              "uuid": "0bd477a9-4b8f-42b7-8281-7bd7e3c9bbe9",
              "parentUUID": "6342b22a-f172-4784-9086-ccae65c5f1e6",
              "isHook": false,
              "skipped": false
            },
            {
              "title": "Login with invalid user",
              "fullTitle": "Login script for buggycarr Login with invalid user",
              "timedOut": null,
              "duration": 4744,
              "state": "passed",
              "speed": "slow",
              "pass": true,
              "fail": false,
              "pending": false,
              "context": null,
              "code": "var _this = this;\ncy.generateRandomString(10).then(function (user) {\n  cy.get(_this.data.selector.inputLogin).type(user);\n});\ncy.generateRandomString(10).then(function (psd) {\n  cy.get(_this.data.selector.inputPswd).type(psd);\n});\ncy.contains('button', 'Login').click();\ncy.contains('Invalid username/password').should('be.visible');",
              "err": {},
              "uuid": "d6065015-aaef-4045-ab4d-b074079c88a8",
              "parentUUID": "6342b22a-f172-4784-9086-ccae65c5f1e6",
              "isHook": false,
              "skipped": false
            }
          ],
          "suites": [],
          "passes": [
            "0bd477a9-4b8f-42b7-8281-7bd7e3c9bbe9",
            "d6065015-aaef-4045-ab4d-b074079c88a8"
          ],
          "failures": [],
          "pending": [],
          "skipped": [],
          "duration": 11900,
          "root": false,
          "rootEmpty": false,
          "_timeout": 2000
        }
      ],
      "passes": [],
      "failures": [],
      "pending": [],
      "skipped": [],
      "duration": 0,
      "root": true,
      "rootEmpty": true,
      "_timeout": 2000
    }
  ],
  "meta": {
    "mocha": {
      "version": "7.0.1"
    },
    "mochawesome": {
      "options": {
        "quiet": false,
        "reportFilename": "report",
        "saveHtml": true,
        "saveJson": true,
        "consoleReporter": "spec",
        "useInlineDiffs": false,
        "code": true
      },
      "version": "6.2.2"
    },
    "marge": {
      "options": {
        "reportDir": "cypress/reports",
        "reportFilename": "report",
        "overwrite": false,
        "html": true,
        "json": true,
        "charts": true
      },
      "version": "5.2.0"
    }
  }
}